[0.331s] DEBUG:colcon:Command line arguments: ['/usr/bin/colcon', 'build', '--symlink-install']
[0.331s] DEBUG:colcon:Parsed command line arguments: Namespace(log_base=None, log_level=None, verb_name='build', build_base='build', install_base='install', merge_install=False, symlink_install=True, test_result_base=None, continue_on_error=False, executor='parallel', parallel_workers=8, event_handlers=None, ignore_user_meta=False, metas=['./colcon.meta'], base_paths=['.'], packages_ignore=None, packages_ignore_regex=None, paths=None, packages_up_to=None, packages_up_to_regex=None, packages_above=None, packages_above_and_dependencies=None, packages_above_depth=None, packages_select_by_dep=None, packages_skip_by_dep=None, packages_skip_up_to=None, packages_select_build_failed=False, packages_skip_build_finished=False, packages_select_test_failures=False, packages_skip_test_passed=False, packages_select=None, packages_skip=None, packages_select_regex=None, packages_skip_regex=None, packages_start=None, packages_end=None, allow_overriding=[], cmake_args=None, cmake_target=None, cmake_target_skip_unavailable=False, cmake_clean_cache=False, cmake_clean_first=False, cmake_force_configure=False, ament_cmake_args=None, catkin_cmake_args=None, catkin_skip_building_tests=False, verb_parser=<colcon_defaults.argument_parser.defaults.DefaultArgumentsDecorator object at 0x7fb673de2e00>, verb_extension=<colcon_core.verb.build.BuildVerb object at 0x7fb6745df520>, main=<bound method BuildVerb.main of <colcon_core.verb.build.BuildVerb object at 0x7fb6745df520>>)
[0.363s] Level 1:colcon.colcon_core.package_discovery:discover_packages(colcon_meta) check parameters
[0.363s] Level 1:colcon.colcon_core.package_discovery:discover_packages(recursive) check parameters
[0.363s] Level 1:colcon.colcon_core.package_discovery:discover_packages(ignore) check parameters
[0.363s] Level 1:colcon.colcon_core.package_discovery:discover_packages(path) check parameters
[0.363s] Level 1:colcon.colcon_core.package_discovery:discover_packages(colcon_meta) discover
[0.363s] Level 1:colcon.colcon_core.package_discovery:discover_packages(recursive) discover
[0.363s] INFO:colcon.colcon_core.package_discovery:Crawling recursively for packages in '/home/tal/ros2_ws/src'
[0.363s] Level 1:colcon.colcon_core.package_identification:_identify(.) by extensions ['ignore', 'ignore_ament_install']
[0.363s] Level 1:colcon.colcon_core.package_identification:_identify(.) by extension 'ignore'
[0.363s] Level 1:colcon.colcon_core.package_identification:_identify(.) by extension 'ignore_ament_install'
[0.363s] Level 1:colcon.colcon_core.package_identification:_identify(.) by extensions ['colcon_pkg']
[0.363s] Level 1:colcon.colcon_core.package_identification:_identify(.) by extension 'colcon_pkg'
[0.363s] Level 1:colcon.colcon_core.package_identification:_identify(.) by extensions ['colcon_meta']
[0.364s] Level 1:colcon.colcon_core.package_identification:_identify(.) by extension 'colcon_meta'
[0.364s] Level 1:colcon.colcon_core.package_identification:_identify(.) by extensions ['ros']
[0.364s] Level 1:colcon.colcon_core.package_identification:_identify(.) by extension 'ros'
[0.375s] Level 1:colcon.colcon_core.package_identification:_identify(.) by extensions ['cmake', 'python']
[0.375s] Level 1:colcon.colcon_core.package_identification:_identify(.) by extension 'cmake'
[0.375s] Level 1:colcon.colcon_core.package_identification:_identify(.) by extension 'python'
[0.375s] Level 1:colcon.colcon_core.package_identification:_identify(.) by extensions ['python_setup_py']
[0.375s] Level 1:colcon.colcon_core.package_identification:_identify(.) by extension 'python_setup_py'
[0.375s] Level 1:colcon.colcon_core.package_identification:_identify(build) by extensions ['ignore', 'ignore_ament_install']
[0.375s] Level 1:colcon.colcon_core.package_identification:_identify(build) by extension 'ignore'
[0.375s] Level 1:colcon.colcon_core.package_identification:_identify(build) ignored
[0.375s] Level 1:colcon.colcon_core.package_identification:_identify(demo_panel) by extensions ['ignore', 'ignore_ament_install']
[0.376s] Level 1:colcon.colcon_core.package_identification:_identify(demo_panel) by extension 'ignore'
[0.376s] Level 1:colcon.colcon_core.package_identification:_identify(demo_panel) by extension 'ignore_ament_install'
[0.376s] Level 1:colcon.colcon_core.package_identification:_identify(demo_panel) by extensions ['colcon_pkg']
[0.376s] Level 1:colcon.colcon_core.package_identification:_identify(demo_panel) by extension 'colcon_pkg'
[0.376s] Level 1:colcon.colcon_core.package_identification:_identify(demo_panel) by extensions ['colcon_meta']
[0.376s] Level 1:colcon.colcon_core.package_identification:_identify(demo_panel) by extension 'colcon_meta'
[0.376s] Level 1:colcon.colcon_core.package_identification:_identify(demo_panel) by extensions ['ros']
[0.376s] Level 1:colcon.colcon_core.package_identification:_identify(demo_panel) by extension 'ros'
[0.378s] DEBUG:colcon.colcon_core.package_identification:Package 'demo_panel' with type 'ros.ament_cmake' and name 'demo_panel'
[0.378s] Level 1:colcon.colcon_core.package_identification:_identify(install) by extensions ['ignore', 'ignore_ament_install']
[0.378s] Level 1:colcon.colcon_core.package_identification:_identify(install) by extension 'ignore'
[0.378s] Level 1:colcon.colcon_core.package_identification:_identify(install) ignored
[0.379s] Level 1:colcon.colcon_core.package_identification:_identify(log) by extensions ['ignore', 'ignore_ament_install']
[0.379s] Level 1:colcon.colcon_core.package_identification:_identify(log) by extension 'ignore'
[0.379s] Level 1:colcon.colcon_core.package_identification:_identify(log) ignored
[0.379s] Level 1:colcon.colcon_core.package_identification:_identify(roverrobotics_description) by extensions ['ignore', 'ignore_ament_install']
[0.379s] Level 1:colcon.colcon_core.package_identification:_identify(roverrobotics_description) by extension 'ignore'
[0.379s] Level 1:colcon.colcon_core.package_identification:_identify(roverrobotics_description) by extension 'ignore_ament_install'
[0.379s] Level 1:colcon.colcon_core.package_identification:_identify(roverrobotics_description) by extensions ['colcon_pkg']
[0.379s] Level 1:colcon.colcon_core.package_identification:_identify(roverrobotics_description) by extension 'colcon_pkg'
[0.379s] Level 1:colcon.colcon_core.package_identification:_identify(roverrobotics_description) by extensions ['colcon_meta']
[0.379s] Level 1:colcon.colcon_core.package_identification:_identify(roverrobotics_description) by extension 'colcon_meta'
[0.379s] Level 1:colcon.colcon_core.package_identification:_identify(roverrobotics_description) by extensions ['ros']
[0.379s] Level 1:colcon.colcon_core.package_identification:_identify(roverrobotics_description) by extension 'ros'
[0.380s] DEBUG:colcon.colcon_core.package_identification:Package 'roverrobotics_description' with type 'ros.ament_cmake' and name 'roverrobotics_description'
[0.380s] Level 1:colcon.colcon_core.package_identification:_identify(roverrobotics_driver) by extensions ['ignore', 'ignore_ament_install']
[0.380s] Level 1:colcon.colcon_core.package_identification:_identify(roverrobotics_driver) by extension 'ignore'
[0.380s] Level 1:colcon.colcon_core.package_identification:_identify(roverrobotics_driver) by extension 'ignore_ament_install'
[0.380s] Level 1:colcon.colcon_core.package_identification:_identify(roverrobotics_driver) by extensions ['colcon_pkg']
[0.380s] Level 1:colcon.colcon_core.package_identification:_identify(roverrobotics_driver) by extension 'colcon_pkg'
[0.380s] Level 1:colcon.colcon_core.package_identification:_identify(roverrobotics_driver) by extensions ['colcon_meta']
[0.380s] Level 1:colcon.colcon_core.package_identification:_identify(roverrobotics_driver) by extension 'colcon_meta'
[0.380s] Level 1:colcon.colcon_core.package_identification:_identify(roverrobotics_driver) by extensions ['ros']
[0.380s] Level 1:colcon.colcon_core.package_identification:_identify(roverrobotics_driver) by extension 'ros'
[0.381s] DEBUG:colcon.colcon_core.package_identification:Package 'roverrobotics_driver' with type 'ros.ament_cmake' and name 'roverrobotics_driver'
[0.381s] Level 1:colcon.colcon_core.package_identification:_identify(roverrobotics_gazebo) by extensions ['ignore', 'ignore_ament_install']
[0.381s] Level 1:colcon.colcon_core.package_identification:_identify(roverrobotics_gazebo) by extension 'ignore'
[0.381s] Level 1:colcon.colcon_core.package_identification:_identify(roverrobotics_gazebo) by extension 'ignore_ament_install'
[0.381s] Level 1:colcon.colcon_core.package_identification:_identify(roverrobotics_gazebo) by extensions ['colcon_pkg']
[0.382s] Level 1:colcon.colcon_core.package_identification:_identify(roverrobotics_gazebo) by extension 'colcon_pkg'
[0.382s] Level 1:colcon.colcon_core.package_identification:_identify(roverrobotics_gazebo) by extensions ['colcon_meta']
[0.382s] Level 1:colcon.colcon_core.package_identification:_identify(roverrobotics_gazebo) by extension 'colcon_meta'
[0.382s] Level 1:colcon.colcon_core.package_identification:_identify(roverrobotics_gazebo) by extensions ['ros']
[0.382s] Level 1:colcon.colcon_core.package_identification:_identify(roverrobotics_gazebo) by extension 'ros'
[0.382s] DEBUG:colcon.colcon_core.package_identification:Package 'roverrobotics_gazebo' with type 'ros.ament_cmake' and name 'roverrobotics_gazebo'
[0.382s] Level 1:colcon.colcon_core.package_identification:_identify(roverrobotics_input_manager) by extensions ['ignore', 'ignore_ament_install']
[0.382s] Level 1:colcon.colcon_core.package_identification:_identify(roverrobotics_input_manager) by extension 'ignore'
[0.383s] Level 1:colcon.colcon_core.package_identification:_identify(roverrobotics_input_manager) by extension 'ignore_ament_install'
[0.383s] Level 1:colcon.colcon_core.package_identification:_identify(roverrobotics_input_manager) by extensions ['colcon_pkg']
[0.383s] Level 1:colcon.colcon_core.package_identification:_identify(roverrobotics_input_manager) by extension 'colcon_pkg'
[0.383s] Level 1:colcon.colcon_core.package_identification:_identify(roverrobotics_input_manager) by extensions ['colcon_meta']
[0.383s] Level 1:colcon.colcon_core.package_identification:_identify(roverrobotics_input_manager) by extension 'colcon_meta'
[0.383s] Level 1:colcon.colcon_core.package_identification:_identify(roverrobotics_input_manager) by extensions ['ros']
[0.383s] Level 1:colcon.colcon_core.package_identification:_identify(roverrobotics_input_manager) by extension 'ros'
[0.383s] DEBUG:colcon.colcon_core.package_identification:Package 'roverrobotics_input_manager' with type 'ros.ament_cmake' and name 'roverrobotics_input_manager'
[0.383s] Level 1:colcon.colcon_core.package_identification:_identify(switch_control) by extensions ['ignore', 'ignore_ament_install']
[0.383s] Level 1:colcon.colcon_core.package_identification:_identify(switch_control) by extension 'ignore'
[0.384s] Level 1:colcon.colcon_core.package_identification:_identify(switch_control) by extension 'ignore_ament_install'
[0.384s] Level 1:colcon.colcon_core.package_identification:_identify(switch_control) by extensions ['colcon_pkg']
[0.384s] Level 1:colcon.colcon_core.package_identification:_identify(switch_control) by extension 'colcon_pkg'
[0.384s] Level 1:colcon.colcon_core.package_identification:_identify(switch_control) by extensions ['colcon_meta']
[0.384s] Level 1:colcon.colcon_core.package_identification:_identify(switch_control) by extension 'colcon_meta'
[0.384s] Level 1:colcon.colcon_core.package_identification:_identify(switch_control) by extensions ['ros']
[0.384s] Level 1:colcon.colcon_core.package_identification:_identify(switch_control) by extension 'ros'
[0.384s] DEBUG:colcon.colcon_core.package_identification:Package 'switch_control' with type 'ros.ament_cmake' and name 'switch_control'
[0.385s] Level 1:colcon.colcon_core.package_discovery:discover_packages(recursive) using defaults
[0.385s] Level 1:colcon.colcon_core.package_discovery:discover_packages(ignore) discover
[0.385s] Level 1:colcon.colcon_core.package_discovery:discover_packages(ignore) using defaults
[0.385s] Level 1:colcon.colcon_core.package_discovery:discover_packages(path) discover
[0.385s] Level 1:colcon.colcon_core.package_discovery:discover_packages(path) using defaults
[0.407s] Level 1:colcon.colcon_core.package_discovery:discover_packages(prefix_path) check parameters
[0.408s] Level 1:colcon.colcon_core.package_discovery:discover_packages(prefix_path) discover
[0.409s] WARNING:colcon.colcon_ros.prefix_path.ament:The path '/home/tal/ros2_ws/install/switch_control' in the environment variable AMENT_PREFIX_PATH doesn't exist
[0.409s] WARNING:colcon.colcon_ros.prefix_path.ament:The path '/home/tal/ros2_ws/install/demo_panel' in the environment variable AMENT_PREFIX_PATH doesn't exist
[0.409s] WARNING:colcon.colcon_ros.prefix_path.catkin:The path '/home/tal/ros2_ws/install/switch_control' in the environment variable CMAKE_PREFIX_PATH doesn't exist
[0.410s] WARNING:colcon.colcon_ros.prefix_path.catkin:The path '/home/tal/ros2_ws/install/demo_panel' in the environment variable CMAKE_PREFIX_PATH doesn't exist
[0.411s] DEBUG:colcon.colcon_installed_package_information.package_discovery:Found 5 installed packages in /home/tal/ros2_ws/install
[0.412s] DEBUG:colcon.colcon_installed_package_information.package_discovery:Found 3 installed packages in /home/tal/turtlebot3_ws/install
[0.414s] DEBUG:colcon.colcon_installed_package_information.package_discovery:Found 408 installed packages in /opt/ros/humble
[0.416s] Level 1:colcon.colcon_core.package_discovery:discover_packages(prefix_path) using defaults
[0.499s] Level 5:colcon.colcon_core.verb:set package 'demo_panel' build argument 'cmake_args' from command line to 'None'
[0.499s] Level 5:colcon.colcon_core.verb:set package 'demo_panel' build argument 'cmake_target' from command line to 'None'
[0.499s] Level 5:colcon.colcon_core.verb:set package 'demo_panel' build argument 'cmake_target_skip_unavailable' from command line to 'False'
[0.499s] Level 5:colcon.colcon_core.verb:set package 'demo_panel' build argument 'cmake_clean_cache' from command line to 'False'
[0.499s] Level 5:colcon.colcon_core.verb:set package 'demo_panel' build argument 'cmake_clean_first' from command line to 'False'
[0.499s] Level 5:colcon.colcon_core.verb:set package 'demo_panel' build argument 'cmake_force_configure' from command line to 'False'
[0.499s] Level 5:colcon.colcon_core.verb:set package 'demo_panel' build argument 'ament_cmake_args' from command line to 'None'
[0.499s] Level 5:colcon.colcon_core.verb:set package 'demo_panel' build argument 'catkin_cmake_args' from command line to 'None'
[0.499s] Level 5:colcon.colcon_core.verb:set package 'demo_panel' build argument 'catkin_skip_building_tests' from command line to 'False'
[0.499s] DEBUG:colcon.colcon_core.verb:Building package 'demo_panel' with the following arguments: {'ament_cmake_args': None, 'build_base': '/home/tal/ros2_ws/src/build/demo_panel', 'catkin_cmake_args': None, 'catkin_skip_building_tests': False, 'cmake_args': None, 'cmake_clean_cache': False, 'cmake_clean_first': False, 'cmake_force_configure': False, 'cmake_target': None, 'cmake_target_skip_unavailable': False, 'install_base': '/home/tal/ros2_ws/src/install/demo_panel', 'merge_install': False, 'path': '/home/tal/ros2_ws/src/demo_panel', 'symlink_install': True, 'test_result_base': None}
[0.500s] Level 5:colcon.colcon_core.verb:set package 'roverrobotics_description' build argument 'cmake_args' from command line to 'None'
[0.500s] Level 5:colcon.colcon_core.verb:set package 'roverrobotics_description' build argument 'cmake_target' from command line to 'None'
[0.500s] Level 5:colcon.colcon_core.verb:set package 'roverrobotics_description' build argument 'cmake_target_skip_unavailable' from command line to 'False'
[0.500s] Level 5:colcon.colcon_core.verb:set package 'roverrobotics_description' build argument 'cmake_clean_cache' from command line to 'False'
[0.500s] Level 5:colcon.colcon_core.verb:set package 'roverrobotics_description' build argument 'cmake_clean_first' from command line to 'False'
[0.500s] Level 5:colcon.colcon_core.verb:set package 'roverrobotics_description' build argument 'cmake_force_configure' from command line to 'False'
[0.500s] Level 5:colcon.colcon_core.verb:set package 'roverrobotics_description' build argument 'ament_cmake_args' from command line to 'None'
[0.500s] Level 5:colcon.colcon_core.verb:set package 'roverrobotics_description' build argument 'catkin_cmake_args' from command line to 'None'
[0.500s] Level 5:colcon.colcon_core.verb:set package 'roverrobotics_description' build argument 'catkin_skip_building_tests' from command line to 'False'
[0.500s] DEBUG:colcon.colcon_core.verb:Building package 'roverrobotics_description' with the following arguments: {'ament_cmake_args': None, 'build_base': '/home/tal/ros2_ws/src/build/roverrobotics_description', 'catkin_cmake_args': None, 'catkin_skip_building_tests': False, 'cmake_args': None, 'cmake_clean_cache': False, 'cmake_clean_first': False, 'cmake_force_configure': False, 'cmake_target': None, 'cmake_target_skip_unavailable': False, 'install_base': '/home/tal/ros2_ws/src/install/roverrobotics_description', 'merge_install': False, 'path': '/home/tal/ros2_ws/src/roverrobotics_description', 'symlink_install': True, 'test_result_base': None}
[0.501s] Level 5:colcon.colcon_core.verb:set package 'roverrobotics_driver' build argument 'cmake_args' from command line to 'None'
[0.501s] Level 5:colcon.colcon_core.verb:set package 'roverrobotics_driver' build argument 'cmake_target' from command line to 'None'
[0.501s] Level 5:colcon.colcon_core.verb:set package 'roverrobotics_driver' build argument 'cmake_target_skip_unavailable' from command line to 'False'
[0.502s] Level 5:colcon.colcon_core.verb:set package 'roverrobotics_driver' build argument 'cmake_clean_cache' from command line to 'False'
[0.502s] Level 5:colcon.colcon_core.verb:set package 'roverrobotics_driver' build argument 'cmake_clean_first' from command line to 'False'
[0.502s] Level 5:colcon.colcon_core.verb:set package 'roverrobotics_driver' build argument 'cmake_force_configure' from command line to 'False'
[0.502s] Level 5:colcon.colcon_core.verb:set package 'roverrobotics_driver' build argument 'ament_cmake_args' from command line to 'None'
[0.502s] Level 5:colcon.colcon_core.verb:set package 'roverrobotics_driver' build argument 'catkin_cmake_args' from command line to 'None'
[0.502s] Level 5:colcon.colcon_core.verb:set package 'roverrobotics_driver' build argument 'catkin_skip_building_tests' from command line to 'False'
[0.502s] DEBUG:colcon.colcon_core.verb:Building package 'roverrobotics_driver' with the following arguments: {'ament_cmake_args': None, 'build_base': '/home/tal/ros2_ws/src/build/roverrobotics_driver', 'catkin_cmake_args': None, 'catkin_skip_building_tests': False, 'cmake_args': None, 'cmake_clean_cache': False, 'cmake_clean_first': False, 'cmake_force_configure': False, 'cmake_target': None, 'cmake_target_skip_unavailable': False, 'install_base': '/home/tal/ros2_ws/src/install/roverrobotics_driver', 'merge_install': False, 'path': '/home/tal/ros2_ws/src/roverrobotics_driver', 'symlink_install': True, 'test_result_base': None}
[0.503s] Level 5:colcon.colcon_core.verb:set package 'roverrobotics_input_manager' build argument 'cmake_args' from command line to 'None'
[0.503s] Level 5:colcon.colcon_core.verb:set package 'roverrobotics_input_manager' build argument 'cmake_target' from command line to 'None'
[0.503s] Level 5:colcon.colcon_core.verb:set package 'roverrobotics_input_manager' build argument 'cmake_target_skip_unavailable' from command line to 'False'
[0.503s] Level 5:colcon.colcon_core.verb:set package 'roverrobotics_input_manager' build argument 'cmake_clean_cache' from command line to 'False'
[0.503s] Level 5:colcon.colcon_core.verb:set package 'roverrobotics_input_manager' build argument 'cmake_clean_first' from command line to 'False'
[0.503s] Level 5:colcon.colcon_core.verb:set package 'roverrobotics_input_manager' build argument 'cmake_force_configure' from command line to 'False'
[0.503s] Level 5:colcon.colcon_core.verb:set package 'roverrobotics_input_manager' build argument 'ament_cmake_args' from command line to 'None'
[0.503s] Level 5:colcon.colcon_core.verb:set package 'roverrobotics_input_manager' build argument 'catkin_cmake_args' from command line to 'None'
[0.503s] Level 5:colcon.colcon_core.verb:set package 'roverrobotics_input_manager' build argument 'catkin_skip_building_tests' from command line to 'False'
[0.503s] DEBUG:colcon.colcon_core.verb:Building package 'roverrobotics_input_manager' with the following arguments: {'ament_cmake_args': None, 'build_base': '/home/tal/ros2_ws/src/build/roverrobotics_input_manager', 'catkin_cmake_args': None, 'catkin_skip_building_tests': False, 'cmake_args': None, 'cmake_clean_cache': False, 'cmake_clean_first': False, 'cmake_force_configure': False, 'cmake_target': None, 'cmake_target_skip_unavailable': False, 'install_base': '/home/tal/ros2_ws/src/install/roverrobotics_input_manager', 'merge_install': False, 'path': '/home/tal/ros2_ws/src/roverrobotics_input_manager', 'symlink_install': True, 'test_result_base': None}
[0.504s] Level 5:colcon.colcon_core.verb:set package 'switch_control' build argument 'cmake_args' from command line to 'None'
[0.504s] Level 5:colcon.colcon_core.verb:set package 'switch_control' build argument 'cmake_target' from command line to 'None'
[0.504s] Level 5:colcon.colcon_core.verb:set package 'switch_control' build argument 'cmake_target_skip_unavailable' from command line to 'False'
[0.504s] Level 5:colcon.colcon_core.verb:set package 'switch_control' build argument 'cmake_clean_cache' from command line to 'False'
[0.504s] Level 5:colcon.colcon_core.verb:set package 'switch_control' build argument 'cmake_clean_first' from command line to 'False'
[0.504s] Level 5:colcon.colcon_core.verb:set package 'switch_control' build argument 'cmake_force_configure' from command line to 'False'
[0.504s] Level 5:colcon.colcon_core.verb:set package 'switch_control' build argument 'ament_cmake_args' from command line to 'None'
[0.504s] Level 5:colcon.colcon_core.verb:set package 'switch_control' build argument 'catkin_cmake_args' from command line to 'None'
[0.504s] Level 5:colcon.colcon_core.verb:set package 'switch_control' build argument 'catkin_skip_building_tests' from command line to 'False'
[0.504s] DEBUG:colcon.colcon_core.verb:Building package 'switch_control' with the following arguments: {'ament_cmake_args': None, 'build_base': '/home/tal/ros2_ws/src/build/switch_control', 'catkin_cmake_args': None, 'catkin_skip_building_tests': False, 'cmake_args': None, 'cmake_clean_cache': False, 'cmake_clean_first': False, 'cmake_force_configure': False, 'cmake_target': None, 'cmake_target_skip_unavailable': False, 'install_base': '/home/tal/ros2_ws/src/install/switch_control', 'merge_install': False, 'path': '/home/tal/ros2_ws/src/switch_control', 'symlink_install': True, 'test_result_base': None}
[0.505s] Level 5:colcon.colcon_core.verb:set package 'roverrobotics_gazebo' build argument 'cmake_args' from command line to 'None'
[0.505s] Level 5:colcon.colcon_core.verb:set package 'roverrobotics_gazebo' build argument 'cmake_target' from command line to 'None'
[0.505s] Level 5:colcon.colcon_core.verb:set package 'roverrobotics_gazebo' build argument 'cmake_target_skip_unavailable' from command line to 'False'
[0.505s] Level 5:colcon.colcon_core.verb:set package 'roverrobotics_gazebo' build argument 'cmake_clean_cache' from command line to 'False'
[0.505s] Level 5:colcon.colcon_core.verb:set package 'roverrobotics_gazebo' build argument 'cmake_clean_first' from command line to 'False'
[0.505s] Level 5:colcon.colcon_core.verb:set package 'roverrobotics_gazebo' build argument 'cmake_force_configure' from command line to 'False'
[0.505s] Level 5:colcon.colcon_core.verb:set package 'roverrobotics_gazebo' build argument 'ament_cmake_args' from command line to 'None'
[0.505s] Level 5:colcon.colcon_core.verb:set package 'roverrobotics_gazebo' build argument 'catkin_cmake_args' from command line to 'None'
[0.505s] Level 5:colcon.colcon_core.verb:set package 'roverrobotics_gazebo' build argument 'catkin_skip_building_tests' from command line to 'False'
[0.505s] DEBUG:colcon.colcon_core.verb:Building package 'roverrobotics_gazebo' with the following arguments: {'ament_cmake_args': None, 'build_base': '/home/tal/ros2_ws/src/build/roverrobotics_gazebo', 'catkin_cmake_args': None, 'catkin_skip_building_tests': False, 'cmake_args': None, 'cmake_clean_cache': False, 'cmake_clean_first': False, 'cmake_force_configure': False, 'cmake_target': None, 'cmake_target_skip_unavailable': False, 'install_base': '/home/tal/ros2_ws/src/install/roverrobotics_gazebo', 'merge_install': False, 'path': '/home/tal/ros2_ws/src/roverrobotics_gazebo', 'symlink_install': True, 'test_result_base': None}
[0.506s] INFO:colcon.colcon_core.executor:Executing jobs using 'parallel' executor
[0.509s] DEBUG:colcon.colcon_parallel_executor.executor.parallel:run_until_complete
[0.510s] INFO:colcon.colcon_ros.task.ament_cmake.build:Building ROS package in '/home/tal/ros2_ws/src/roverrobotics_description' with build type 'ament_cmake'
[0.510s] INFO:colcon.colcon_cmake.task.cmake.build:Building CMake package in '/home/tal/ros2_ws/src/roverrobotics_description'
[0.515s] INFO:colcon.colcon_core.plugin_system:Skipping extension 'colcon_core.shell.bat': Not used on non-Windows systems
[0.515s] INFO:colcon.colcon_core.shell:Skip shell extension 'powershell' for command environment: Not usable outside of PowerShell
[0.515s] DEBUG:colcon.colcon_core.shell:Skip shell extension 'dsv' for command environment
[0.522s] INFO:colcon.colcon_ros.task.ament_cmake.build:Building ROS package in '/home/tal/ros2_ws/src/demo_panel' with build type 'ament_cmake'
[0.522s] INFO:colcon.colcon_cmake.task.cmake.build:Building CMake package in '/home/tal/ros2_ws/src/demo_panel'
[0.524s] INFO:colcon.colcon_core.shell:Skip shell extension 'powershell' for command environment: Not usable outside of PowerShell
[0.524s] DEBUG:colcon.colcon_core.shell:Skip shell extension 'dsv' for command environment
[0.531s] INFO:colcon.colcon_ros.task.ament_cmake.build:Building ROS package in '/home/tal/ros2_ws/src/roverrobotics_driver' with build type 'ament_cmake'
[0.532s] INFO:colcon.colcon_cmake.task.cmake.build:Building CMake package in '/home/tal/ros2_ws/src/roverrobotics_driver'
[0.533s] INFO:colcon.colcon_core.shell:Skip shell extension 'powershell' for command environment: Not usable outside of PowerShell
[0.533s] DEBUG:colcon.colcon_core.shell:Skip shell extension 'dsv' for command environment
[0.541s] INFO:colcon.colcon_ros.task.ament_cmake.build:Building ROS package in '/home/tal/ros2_ws/src/roverrobotics_input_manager' with build type 'ament_cmake'
[0.541s] INFO:colcon.colcon_cmake.task.cmake.build:Building CMake package in '/home/tal/ros2_ws/src/roverrobotics_input_manager'
[0.543s] INFO:colcon.colcon_core.shell:Skip shell extension 'powershell' for command environment: Not usable outside of PowerShell
[0.543s] DEBUG:colcon.colcon_core.shell:Skip shell extension 'dsv' for command environment
[0.550s] INFO:colcon.colcon_ros.task.ament_cmake.build:Building ROS package in '/home/tal/ros2_ws/src/switch_control' with build type 'ament_cmake'
[0.550s] INFO:colcon.colcon_cmake.task.cmake.build:Building CMake package in '/home/tal/ros2_ws/src/switch_control'
[0.552s] INFO:colcon.colcon_core.shell:Skip shell extension 'powershell' for command environment: Not usable outside of PowerShell
[0.552s] DEBUG:colcon.colcon_core.shell:Skip shell extension 'dsv' for command environment
[0.565s] DEBUG:colcon.colcon_core.event_handler.log_command:Invoking command in '/home/tal/ros2_ws/src/build/roverrobotics_description': CMAKE_PREFIX_PATH=${CMAKE_PREFIX_PATH}:/opt/ros/humble /usr/bin/cmake /home/tal/ros2_ws/src/roverrobotics_description -DAMENT_CMAKE_SYMLINK_INSTALL=1 -DCMAKE_INSTALL_PREFIX=/home/tal/ros2_ws/src/install/roverrobotics_description
[0.568s] DEBUG:colcon.colcon_core.event_handler.log_command:Invoking command in '/home/tal/ros2_ws/src/build/demo_panel': CMAKE_PREFIX_PATH=${CMAKE_PREFIX_PATH}:/opt/ros/humble /usr/bin/cmake /home/tal/ros2_ws/src/demo_panel -DAMENT_CMAKE_SYMLINK_INSTALL=1 -DCMAKE_INSTALL_PREFIX=/home/tal/ros2_ws/src/install/demo_panel
[0.571s] DEBUG:colcon.colcon_core.event_handler.log_command:Invoking command in '/home/tal/ros2_ws/src/build/roverrobotics_driver': CMAKE_PREFIX_PATH=${CMAKE_PREFIX_PATH}:/opt/ros/humble /usr/bin/cmake /home/tal/ros2_ws/src/roverrobotics_driver -DAMENT_CMAKE_SYMLINK_INSTALL=1 -DCMAKE_INSTALL_PREFIX=/home/tal/ros2_ws/src/install/roverrobotics_driver
[0.575s] DEBUG:colcon.colcon_core.event_handler.log_command:Invoking command in '/home/tal/ros2_ws/src/build/roverrobotics_input_manager': CMAKE_PREFIX_PATH=${CMAKE_PREFIX_PATH}:/opt/ros/humble /usr/bin/cmake /home/tal/ros2_ws/src/roverrobotics_input_manager -DAMENT_CMAKE_SYMLINK_INSTALL=1 -DCMAKE_INSTALL_PREFIX=/home/tal/ros2_ws/src/install/roverrobotics_input_manager
[0.582s] DEBUG:colcon.colcon_core.event_handler.log_command:Invoking command in '/home/tal/ros2_ws/src/build/switch_control': CMAKE_PREFIX_PATH=${CMAKE_PREFIX_PATH}:/opt/ros/humble /usr/bin/cmake /home/tal/ros2_ws/src/switch_control -DAMENT_CMAKE_SYMLINK_INSTALL=1 -DCMAKE_INSTALL_PREFIX=/home/tal/ros2_ws/src/install/switch_control
[1.693s] DEBUG:colcon.colcon_core.event_handler.log_command:Invoked command in '/home/tal/ros2_ws/src/build/roverrobotics_description' returned '0': CMAKE_PREFIX_PATH=${CMAKE_PREFIX_PATH}:/opt/ros/humble /usr/bin/cmake /home/tal/ros2_ws/src/roverrobotics_description -DAMENT_CMAKE_SYMLINK_INSTALL=1 -DCMAKE_INSTALL_PREFIX=/home/tal/ros2_ws/src/install/roverrobotics_description
[1.693s] DEBUG:colcon.colcon_core.event_handler.log_command:Invoking command in '/home/tal/ros2_ws/src/build/roverrobotics_description': CMAKE_PREFIX_PATH=${CMAKE_PREFIX_PATH}:/opt/ros/humble /usr/bin/cmake --build /home/tal/ros2_ws/src/build/roverrobotics_description -- -j8 -l8
[1.711s] DEBUG:colcon.colcon_core.event_handler.log_command:Invoked command in '/home/tal/ros2_ws/src/build/roverrobotics_input_manager' returned '0': CMAKE_PREFIX_PATH=${CMAKE_PREFIX_PATH}:/opt/ros/humble /usr/bin/cmake /home/tal/ros2_ws/src/roverrobotics_input_manager -DAMENT_CMAKE_SYMLINK_INSTALL=1 -DCMAKE_INSTALL_PREFIX=/home/tal/ros2_ws/src/install/roverrobotics_input_manager
[1.712s] DEBUG:colcon.colcon_core.event_handler.log_command:Invoking command in '/home/tal/ros2_ws/src/build/roverrobotics_input_manager': CMAKE_PREFIX_PATH=${CMAKE_PREFIX_PATH}:/opt/ros/humble /usr/bin/cmake --build /home/tal/ros2_ws/src/build/roverrobotics_input_manager -- -j8 -l8
[1.755s] DEBUG:colcon.colcon_core.event_handler.log_command:Invoked command in '/home/tal/ros2_ws/src/build/roverrobotics_description' returned '0': CMAKE_PREFIX_PATH=${CMAKE_PREFIX_PATH}:/opt/ros/humble /usr/bin/cmake --build /home/tal/ros2_ws/src/build/roverrobotics_description -- -j8 -l8
[1.767s] DEBUG:colcon.colcon_core.event_handler.log_command:Invoked command in '/home/tal/ros2_ws/src/build/roverrobotics_input_manager' returned '0': CMAKE_PREFIX_PATH=${CMAKE_PREFIX_PATH}:/opt/ros/humble /usr/bin/cmake --build /home/tal/ros2_ws/src/build/roverrobotics_input_manager -- -j8 -l8
[1.803s] DEBUG:colcon.colcon_core.event_handler.log_command:Invoking command in '/home/tal/ros2_ws/src/build/roverrobotics_description': CMAKE_PREFIX_PATH=${CMAKE_PREFIX_PATH}:/opt/ros/humble /usr/bin/cmake --install /home/tal/ros2_ws/src/build/roverrobotics_description
[1.809s] DEBUG:colcon.colcon_core.event_handler.log_command:Invoking command in '/home/tal/ros2_ws/src/build/roverrobotics_input_manager': CMAKE_PREFIX_PATH=${CMAKE_PREFIX_PATH}:/opt/ros/humble /usr/bin/cmake --install /home/tal/ros2_ws/src/build/roverrobotics_input_manager
[2.106s] Level 1:colcon.colcon_core.environment:create_environment_scripts_only(roverrobotics_input_manager)
[2.108s] DEBUG:colcon.colcon_core.event_handler.log_command:Invoked command in '/home/tal/ros2_ws/src/build/roverrobotics_input_manager' returned '0': CMAKE_PREFIX_PATH=${CMAKE_PREFIX_PATH}:/opt/ros/humble /usr/bin/cmake --install /home/tal/ros2_ws/src/build/roverrobotics_input_manager
[2.116s] Level 1:colcon.colcon_core.environment:checking '/home/tal/ros2_ws/src/install/roverrobotics_input_manager' for CMake module files
[2.118s] Level 1:colcon.colcon_core.environment:checking '/home/tal/ros2_ws/src/install/roverrobotics_input_manager' for CMake config files
[2.119s] Level 1:colcon.colcon_core.shell:create_environment_hook('roverrobotics_input_manager', 'cmake_prefix_path')
[2.121s] INFO:colcon.colcon_core.shell:Creating environment hook '/home/tal/ros2_ws/src/install/roverrobotics_input_manager/share/roverrobotics_input_manager/hook/cmake_prefix_path.ps1'
[2.122s] INFO:colcon.colcon_core.shell:Creating environment descriptor '/home/tal/ros2_ws/src/install/roverrobotics_input_manager/share/roverrobotics_input_manager/hook/cmake_prefix_path.dsv'
[2.123s] INFO:colcon.colcon_core.shell:Creating environment hook '/home/tal/ros2_ws/src/install/roverrobotics_input_manager/share/roverrobotics_input_manager/hook/cmake_prefix_path.sh'
[2.124s] Level 1:colcon.colcon_core.environment:checking '/home/tal/ros2_ws/src/install/roverrobotics_input_manager/lib'
[2.124s] Level 1:colcon.colcon_core.environment:checking '/home/tal/ros2_ws/src/install/roverrobotics_input_manager/bin'
[2.124s] Level 1:colcon.colcon_core.environment:checking '/home/tal/ros2_ws/src/install/roverrobotics_input_manager/lib/pkgconfig/roverrobotics_input_manager.pc'
[2.125s] Level 1:colcon.colcon_core.environment:checking '/home/tal/ros2_ws/src/install/roverrobotics_input_manager/lib/python3.10/site-packages'
[2.125s] Level 1:colcon.colcon_core.environment:checking '/home/tal/ros2_ws/src/install/roverrobotics_input_manager/bin'
[2.127s] INFO:colcon.colcon_core.shell:Creating package script '/home/tal/ros2_ws/src/install/roverrobotics_input_manager/share/roverrobotics_input_manager/package.ps1'
[2.128s] INFO:colcon.colcon_core.shell:Creating package descriptor '/home/tal/ros2_ws/src/install/roverrobotics_input_manager/share/roverrobotics_input_manager/package.dsv'
[2.129s] INFO:colcon.colcon_core.shell:Creating package script '/home/tal/ros2_ws/src/install/roverrobotics_input_manager/share/roverrobotics_input_manager/package.sh'
[2.131s] INFO:colcon.colcon_core.shell:Creating package script '/home/tal/ros2_ws/src/install/roverrobotics_input_manager/share/roverrobotics_input_manager/package.bash'
[2.132s] INFO:colcon.colcon_core.shell:Creating package script '/home/tal/ros2_ws/src/install/roverrobotics_input_manager/share/roverrobotics_input_manager/package.zsh'
[2.133s] Level 1:colcon.colcon_core.environment:create_file_with_runtime_dependencies(/home/tal/ros2_ws/src/install/roverrobotics_input_manager/share/colcon-core/packages/roverrobotics_input_manager)
[2.173s] Level 1:colcon.colcon_core.environment:create_environment_scripts_only(roverrobotics_input_manager)
[2.177s] Level 1:colcon.colcon_core.environment:checking '/home/tal/ros2_ws/src/install/roverrobotics_input_manager' for CMake module files
[2.179s] Level 1:colcon.colcon_core.environment:checking '/home/tal/ros2_ws/src/install/roverrobotics_input_manager' for CMake config files
[2.180s] Level 1:colcon.colcon_core.shell:create_environment_hook('roverrobotics_input_manager', 'cmake_prefix_path')
[2.183s] INFO:colcon.colcon_core.shell:Creating environment hook '/home/tal/ros2_ws/src/install/roverrobotics_input_manager/share/roverrobotics_input_manager/hook/cmake_prefix_path.ps1'
[2.184s] INFO:colcon.colcon_core.shell:Creating environment descriptor '/home/tal/ros2_ws/src/install/roverrobotics_input_manager/share/roverrobotics_input_manager/hook/cmake_prefix_path.dsv'
[2.184s] INFO:colcon.colcon_core.shell:Creating environment hook '/home/tal/ros2_ws/src/install/roverrobotics_input_manager/share/roverrobotics_input_manager/hook/cmake_prefix_path.sh'
[2.185s] Level 1:colcon.colcon_core.environment:checking '/home/tal/ros2_ws/src/install/roverrobotics_input_manager/lib'
[2.185s] Level 1:colcon.colcon_core.environment:checking '/home/tal/ros2_ws/src/install/roverrobotics_input_manager/bin'
[2.185s] Level 1:colcon.colcon_core.environment:checking '/home/tal/ros2_ws/src/install/roverrobotics_input_manager/lib/pkgconfig/roverrobotics_input_manager.pc'
[2.186s] Level 1:colcon.colcon_core.environment:checking '/home/tal/ros2_ws/src/install/roverrobotics_input_manager/lib/python3.10/site-packages'
[2.186s] Level 1:colcon.colcon_core.environment:checking '/home/tal/ros2_ws/src/install/roverrobotics_input_manager/bin'
[2.189s] INFO:colcon.colcon_core.shell:Creating package script '/home/tal/ros2_ws/src/install/roverrobotics_input_manager/share/roverrobotics_input_manager/package.ps1'
[2.189s] INFO:colcon.colcon_core.shell:Creating package descriptor '/home/tal/ros2_ws/src/install/roverrobotics_input_manager/share/roverrobotics_input_manager/package.dsv'
[2.190s] INFO:colcon.colcon_core.shell:Creating package script '/home/tal/ros2_ws/src/install/roverrobotics_input_manager/share/roverrobotics_input_manager/package.sh'
[2.191s] INFO:colcon.colcon_core.shell:Creating package script '/home/tal/ros2_ws/src/install/roverrobotics_input_manager/share/roverrobotics_input_manager/package.bash'
[2.191s] INFO:colcon.colcon_core.shell:Creating package script '/home/tal/ros2_ws/src/install/roverrobotics_input_manager/share/roverrobotics_input_manager/package.zsh'
[2.192s] Level 1:colcon.colcon_core.environment:create_file_with_runtime_dependencies(/home/tal/ros2_ws/src/install/roverrobotics_input_manager/share/colcon-core/packages/roverrobotics_input_manager)
[2.391s] Level 1:colcon.colcon_core.environment:create_environment_scripts_only(roverrobotics_description)
[2.394s] Level 1:colcon.colcon_core.environment:checking '/home/tal/ros2_ws/src/install/roverrobotics_description' for CMake module files
[2.394s] DEBUG:colcon.colcon_core.event_handler.log_command:Invoked command in '/home/tal/ros2_ws/src/build/roverrobotics_description' returned '0': CMAKE_PREFIX_PATH=${CMAKE_PREFIX_PATH}:/opt/ros/humble /usr/bin/cmake --install /home/tal/ros2_ws/src/build/roverrobotics_description
[2.395s] Level 1:colcon.colcon_core.environment:checking '/home/tal/ros2_ws/src/install/roverrobotics_description' for CMake config files
[2.396s] Level 1:colcon.colcon_core.shell:create_environment_hook('roverrobotics_description', 'cmake_prefix_path')
[2.398s] INFO:colcon.colcon_core.shell:Creating environment hook '/home/tal/ros2_ws/src/install/roverrobotics_description/share/roverrobotics_description/hook/cmake_prefix_path.ps1'
[2.398s] INFO:colcon.colcon_core.shell:Creating environment descriptor '/home/tal/ros2_ws/src/install/roverrobotics_description/share/roverrobotics_description/hook/cmake_prefix_path.dsv'
[2.399s] INFO:colcon.colcon_core.shell:Creating environment hook '/home/tal/ros2_ws/src/install/roverrobotics_description/share/roverrobotics_description/hook/cmake_prefix_path.sh'
[2.400s] Level 1:colcon.colcon_core.environment:checking '/home/tal/ros2_ws/src/install/roverrobotics_description/bin'
[2.400s] Level 1:colcon.colcon_core.environment:checking '/home/tal/ros2_ws/src/install/roverrobotics_description/lib/pkgconfig/roverrobotics_description.pc'
[2.400s] Level 1:colcon.colcon_core.environment:checking '/home/tal/ros2_ws/src/install/roverrobotics_description/lib/python3.10/site-packages'
[2.401s] Level 1:colcon.colcon_core.environment:checking '/home/tal/ros2_ws/src/install/roverrobotics_description/bin'
[2.403s] INFO:colcon.colcon_core.shell:Creating package script '/home/tal/ros2_ws/src/install/roverrobotics_description/share/roverrobotics_description/package.ps1'
[2.405s] INFO:colcon.colcon_core.shell:Creating package descriptor '/home/tal/ros2_ws/src/install/roverrobotics_description/share/roverrobotics_description/package.dsv'
[2.405s] INFO:colcon.colcon_core.shell:Creating package script '/home/tal/ros2_ws/src/install/roverrobotics_description/share/roverrobotics_description/package.sh'
[2.406s] INFO:colcon.colcon_core.shell:Creating package script '/home/tal/ros2_ws/src/install/roverrobotics_description/share/roverrobotics_description/package.bash'
[2.407s] INFO:colcon.colcon_core.shell:Creating package script '/home/tal/ros2_ws/src/install/roverrobotics_description/share/roverrobotics_description/package.zsh'
[2.408s] Level 1:colcon.colcon_core.environment:create_file_with_runtime_dependencies(/home/tal/ros2_ws/src/install/roverrobotics_description/share/colcon-core/packages/roverrobotics_description)
[2.456s] Level 1:colcon.colcon_core.environment:create_environment_scripts_only(roverrobotics_description)
[2.460s] Level 1:colcon.colcon_core.environment:checking '/home/tal/ros2_ws/src/install/roverrobotics_description' for CMake module files
[2.461s] Level 1:colcon.colcon_core.environment:checking '/home/tal/ros2_ws/src/install/roverrobotics_description' for CMake config files
[2.462s] Level 1:colcon.colcon_core.shell:create_environment_hook('roverrobotics_description', 'cmake_prefix_path')
[2.464s] INFO:colcon.colcon_core.shell:Creating environment hook '/home/tal/ros2_ws/src/install/roverrobotics_description/share/roverrobotics_description/hook/cmake_prefix_path.ps1'
[2.465s] INFO:colcon.colcon_core.shell:Creating environment descriptor '/home/tal/ros2_ws/src/install/roverrobotics_description/share/roverrobotics_description/hook/cmake_prefix_path.dsv'
[2.465s] INFO:colcon.colcon_core.shell:Creating environment hook '/home/tal/ros2_ws/src/install/roverrobotics_description/share/roverrobotics_description/hook/cmake_prefix_path.sh'
[2.466s] Level 1:colcon.colcon_core.environment:checking '/home/tal/ros2_ws/src/install/roverrobotics_description/bin'
[2.466s] Level 1:colcon.colcon_core.environment:checking '/home/tal/ros2_ws/src/install/roverrobotics_description/lib/pkgconfig/roverrobotics_description.pc'
[2.466s] Level 1:colcon.colcon_core.environment:checking '/home/tal/ros2_ws/src/install/roverrobotics_description/lib/python3.10/site-packages'
[2.466s] Level 1:colcon.colcon_core.environment:checking '/home/tal/ros2_ws/src/install/roverrobotics_description/bin'
[2.470s] INFO:colcon.colcon_core.shell:Creating package script '/home/tal/ros2_ws/src/install/roverrobotics_description/share/roverrobotics_description/package.ps1'
[2.471s] INFO:colcon.colcon_core.shell:Creating package descriptor '/home/tal/ros2_ws/src/install/roverrobotics_description/share/roverrobotics_description/package.dsv'
[2.472s] INFO:colcon.colcon_core.shell:Creating package script '/home/tal/ros2_ws/src/install/roverrobotics_description/share/roverrobotics_description/package.sh'
[2.473s] INFO:colcon.colcon_core.shell:Creating package script '/home/tal/ros2_ws/src/install/roverrobotics_description/share/roverrobotics_description/package.bash'
[2.473s] INFO:colcon.colcon_core.shell:Creating package script '/home/tal/ros2_ws/src/install/roverrobotics_description/share/roverrobotics_description/package.zsh'
[2.474s] Level 1:colcon.colcon_core.environment:create_file_with_runtime_dependencies(/home/tal/ros2_ws/src/install/roverrobotics_description/share/colcon-core/packages/roverrobotics_description)
[2.475s] INFO:colcon.colcon_ros.task.ament_cmake.build:Building ROS package in '/home/tal/ros2_ws/src/roverrobotics_gazebo' with build type 'ament_cmake'
[2.475s] INFO:colcon.colcon_cmake.task.cmake.build:Building CMake package in '/home/tal/ros2_ws/src/roverrobotics_gazebo'
[2.478s] INFO:colcon.colcon_core.shell:Skip shell extension 'powershell' for command environment: Not usable outside of PowerShell
[2.478s] DEBUG:colcon.colcon_core.shell:Skip shell extension 'dsv' for command environment
[2.501s] DEBUG:colcon.colcon_core.event_handler.log_command:Invoking command in '/home/tal/ros2_ws/src/build/roverrobotics_gazebo': AMENT_PREFIX_PATH=/home/tal/ros2_ws/src/install/roverrobotics_description:${AMENT_PREFIX_PATH} CMAKE_PREFIX_PATH=/home/tal/ros2_ws/src/install/roverrobotics_description:/home/tal/ros2_ws/install/switch_control:/home/tal/ros2_ws/install/rviz2_custom_plugin:/home/tal/ros2_ws/install/roverrobotics_input_manager:/home/tal/ros2_ws/install/roverrobotics_gazebo:/home/tal/ros2_ws/install/roverrobotics_driver:/home/tal/ros2_ws/install/roverrobotics_description:/home/tal/ros2_ws/install/demo_panel:/home/tal/turtlebot3_ws/install/turtlebot3_simulations:/home/tal/turtlebot3_ws/install/turtlebot3_gazebo:/home/tal/turtlebot3_ws/install/turtlebot3_fake_node:/opt/ros/humble /usr/bin/cmake /home/tal/ros2_ws/src/roverrobotics_gazebo -DAMENT_CMAKE_SYMLINK_INSTALL=1 -DCMAKE_INSTALL_PREFIX=/home/tal/ros2_ws/src/install/roverrobotics_gazebo
[3.373s] DEBUG:colcon.colcon_core.event_handler.log_command:Invoked command in '/home/tal/ros2_ws/src/build/switch_control' returned '0': CMAKE_PREFIX_PATH=${CMAKE_PREFIX_PATH}:/opt/ros/humble /usr/bin/cmake /home/tal/ros2_ws/src/switch_control -DAMENT_CMAKE_SYMLINK_INSTALL=1 -DCMAKE_INSTALL_PREFIX=/home/tal/ros2_ws/src/install/switch_control
[3.375s] DEBUG:colcon.colcon_core.event_handler.log_command:Invoking command in '/home/tal/ros2_ws/src/build/switch_control': CMAKE_PREFIX_PATH=${CMAKE_PREFIX_PATH}:/opt/ros/humble /usr/bin/cmake --build /home/tal/ros2_ws/src/build/switch_control -- -j8 -l8
[3.645s] DEBUG:colcon.colcon_core.event_handler.log_command:Invoked command in '/home/tal/ros2_ws/src/build/roverrobotics_gazebo' returned '0': AMENT_PREFIX_PATH=/home/tal/ros2_ws/src/install/roverrobotics_description:${AMENT_PREFIX_PATH} CMAKE_PREFIX_PATH=/home/tal/ros2_ws/src/install/roverrobotics_description:/home/tal/ros2_ws/install/switch_control:/home/tal/ros2_ws/install/rviz2_custom_plugin:/home/tal/ros2_ws/install/roverrobotics_input_manager:/home/tal/ros2_ws/install/roverrobotics_gazebo:/home/tal/ros2_ws/install/roverrobotics_driver:/home/tal/ros2_ws/install/roverrobotics_description:/home/tal/ros2_ws/install/demo_panel:/home/tal/turtlebot3_ws/install/turtlebot3_simulations:/home/tal/turtlebot3_ws/install/turtlebot3_gazebo:/home/tal/turtlebot3_ws/install/turtlebot3_fake_node:/opt/ros/humble /usr/bin/cmake /home/tal/ros2_ws/src/roverrobotics_gazebo -DAMENT_CMAKE_SYMLINK_INSTALL=1 -DCMAKE_INSTALL_PREFIX=/home/tal/ros2_ws/src/install/roverrobotics_gazebo
[3.647s] DEBUG:colcon.colcon_core.event_handler.log_command:Invoking command in '/home/tal/ros2_ws/src/build/roverrobotics_gazebo': AMENT_PREFIX_PATH=/home/tal/ros2_ws/src/install/roverrobotics_description:${AMENT_PREFIX_PATH} CMAKE_PREFIX_PATH=/home/tal/ros2_ws/src/install/roverrobotics_description:/home/tal/ros2_ws/install/switch_control:/home/tal/ros2_ws/install/rviz2_custom_plugin:/home/tal/ros2_ws/install/roverrobotics_input_manager:/home/tal/ros2_ws/install/roverrobotics_gazebo:/home/tal/ros2_ws/install/roverrobotics_driver:/home/tal/ros2_ws/install/roverrobotics_description:/home/tal/ros2_ws/install/demo_panel:/home/tal/turtlebot3_ws/install/turtlebot3_simulations:/home/tal/turtlebot3_ws/install/turtlebot3_gazebo:/home/tal/turtlebot3_ws/install/turtlebot3_fake_node:/opt/ros/humble /usr/bin/cmake --build /home/tal/ros2_ws/src/build/roverrobotics_gazebo -- -j8 -l8
[3.715s] DEBUG:colcon.colcon_core.event_handler.log_command:Invoked command in '/home/tal/ros2_ws/src/build/roverrobotics_gazebo' returned '0': AMENT_PREFIX_PATH=/home/tal/ros2_ws/src/install/roverrobotics_description:${AMENT_PREFIX_PATH} CMAKE_PREFIX_PATH=/home/tal/ros2_ws/src/install/roverrobotics_description:/home/tal/ros2_ws/install/switch_control:/home/tal/ros2_ws/install/rviz2_custom_plugin:/home/tal/ros2_ws/install/roverrobotics_input_manager:/home/tal/ros2_ws/install/roverrobotics_gazebo:/home/tal/ros2_ws/install/roverrobotics_driver:/home/tal/ros2_ws/install/roverrobotics_description:/home/tal/ros2_ws/install/demo_panel:/home/tal/turtlebot3_ws/install/turtlebot3_simulations:/home/tal/turtlebot3_ws/install/turtlebot3_gazebo:/home/tal/turtlebot3_ws/install/turtlebot3_fake_node:/opt/ros/humble /usr/bin/cmake --build /home/tal/ros2_ws/src/build/roverrobotics_gazebo -- -j8 -l8
[3.764s] DEBUG:colcon.colcon_core.event_handler.log_command:Invoking command in '/home/tal/ros2_ws/src/build/roverrobotics_gazebo': AMENT_PREFIX_PATH=/home/tal/ros2_ws/src/install/roverrobotics_description:${AMENT_PREFIX_PATH} CMAKE_PREFIX_PATH=/home/tal/ros2_ws/src/install/roverrobotics_description:/home/tal/ros2_ws/install/switch_control:/home/tal/ros2_ws/install/rviz2_custom_plugin:/home/tal/ros2_ws/install/roverrobotics_input_manager:/home/tal/ros2_ws/install/roverrobotics_gazebo:/home/tal/ros2_ws/install/roverrobotics_driver:/home/tal/ros2_ws/install/roverrobotics_description:/home/tal/ros2_ws/install/demo_panel:/home/tal/turtlebot3_ws/install/turtlebot3_simulations:/home/tal/turtlebot3_ws/install/turtlebot3_gazebo:/home/tal/turtlebot3_ws/install/turtlebot3_fake_node:/opt/ros/humble /usr/bin/cmake --install /home/tal/ros2_ws/src/build/roverrobotics_gazebo
[4.163s] Level 1:colcon.colcon_core.environment:create_environment_scripts_only(roverrobotics_gazebo)
[4.167s] Level 1:colcon.colcon_core.environment:checking '/home/tal/ros2_ws/src/install/roverrobotics_gazebo' for CMake module files
[4.168s] DEBUG:colcon.colcon_core.event_handler.log_command:Invoked command in '/home/tal/ros2_ws/src/build/roverrobotics_gazebo' returned '0': AMENT_PREFIX_PATH=/home/tal/ros2_ws/src/install/roverrobotics_description:${AMENT_PREFIX_PATH} CMAKE_PREFIX_PATH=/home/tal/ros2_ws/src/install/roverrobotics_description:/home/tal/ros2_ws/install/switch_control:/home/tal/ros2_ws/install/rviz2_custom_plugin:/home/tal/ros2_ws/install/roverrobotics_input_manager:/home/tal/ros2_ws/install/roverrobotics_gazebo:/home/tal/ros2_ws/install/roverrobotics_driver:/home/tal/ros2_ws/install/roverrobotics_description:/home/tal/ros2_ws/install/demo_panel:/home/tal/turtlebot3_ws/install/turtlebot3_simulations:/home/tal/turtlebot3_ws/install/turtlebot3_gazebo:/home/tal/turtlebot3_ws/install/turtlebot3_fake_node:/opt/ros/humble /usr/bin/cmake --install /home/tal/ros2_ws/src/build/roverrobotics_gazebo
[4.169s] Level 1:colcon.colcon_core.environment:checking '/home/tal/ros2_ws/src/install/roverrobotics_gazebo' for CMake config files
[4.169s] Level 1:colcon.colcon_core.shell:create_environment_hook('roverrobotics_gazebo', 'cmake_prefix_path')
[4.172s] INFO:colcon.colcon_core.shell:Creating environment hook '/home/tal/ros2_ws/src/install/roverrobotics_gazebo/share/roverrobotics_gazebo/hook/cmake_prefix_path.ps1'
[4.173s] INFO:colcon.colcon_core.shell:Creating environment descriptor '/home/tal/ros2_ws/src/install/roverrobotics_gazebo/share/roverrobotics_gazebo/hook/cmake_prefix_path.dsv'
[4.173s] INFO:colcon.colcon_core.shell:Creating environment hook '/home/tal/ros2_ws/src/install/roverrobotics_gazebo/share/roverrobotics_gazebo/hook/cmake_prefix_path.sh'
[4.174s] Level 1:colcon.colcon_core.environment:checking '/home/tal/ros2_ws/src/install/roverrobotics_gazebo/bin'
[4.174s] Level 1:colcon.colcon_core.environment:checking '/home/tal/ros2_ws/src/install/roverrobotics_gazebo/lib/pkgconfig/roverrobotics_gazebo.pc'
[4.175s] Level 1:colcon.colcon_core.environment:checking '/home/tal/ros2_ws/src/install/roverrobotics_gazebo/lib/python3.10/site-packages'
[4.175s] Level 1:colcon.colcon_core.environment:checking '/home/tal/ros2_ws/src/install/roverrobotics_gazebo/bin'
[4.178s] INFO:colcon.colcon_core.shell:Creating package script '/home/tal/ros2_ws/src/install/roverrobotics_gazebo/share/roverrobotics_gazebo/package.ps1'
[4.179s] INFO:colcon.colcon_core.shell:Creating package descriptor '/home/tal/ros2_ws/src/install/roverrobotics_gazebo/share/roverrobotics_gazebo/package.dsv'
[4.180s] INFO:colcon.colcon_core.shell:Creating package script '/home/tal/ros2_ws/src/install/roverrobotics_gazebo/share/roverrobotics_gazebo/package.sh'
[4.180s] INFO:colcon.colcon_core.shell:Creating package script '/home/tal/ros2_ws/src/install/roverrobotics_gazebo/share/roverrobotics_gazebo/package.bash'
[4.181s] INFO:colcon.colcon_core.shell:Creating package script '/home/tal/ros2_ws/src/install/roverrobotics_gazebo/share/roverrobotics_gazebo/package.zsh'
[4.181s] Level 1:colcon.colcon_core.environment:create_file_with_runtime_dependencies(/home/tal/ros2_ws/src/install/roverrobotics_gazebo/share/colcon-core/packages/roverrobotics_gazebo)
[4.252s] Level 1:colcon.colcon_core.environment:create_environment_scripts_only(roverrobotics_gazebo)
[4.256s] Level 1:colcon.colcon_core.environment:checking '/home/tal/ros2_ws/src/install/roverrobotics_gazebo' for CMake module files
[4.257s] Level 1:colcon.colcon_core.environment:checking '/home/tal/ros2_ws/src/install/roverrobotics_gazebo' for CMake config files
[4.258s] Level 1:colcon.colcon_core.shell:create_environment_hook('roverrobotics_gazebo', 'cmake_prefix_path')
[4.261s] INFO:colcon.colcon_core.shell:Creating environment hook '/home/tal/ros2_ws/src/install/roverrobotics_gazebo/share/roverrobotics_gazebo/hook/cmake_prefix_path.ps1'
[4.261s] INFO:colcon.colcon_core.shell:Creating environment descriptor '/home/tal/ros2_ws/src/install/roverrobotics_gazebo/share/roverrobotics_gazebo/hook/cmake_prefix_path.dsv'
[4.262s] INFO:colcon.colcon_core.shell:Creating environment hook '/home/tal/ros2_ws/src/install/roverrobotics_gazebo/share/roverrobotics_gazebo/hook/cmake_prefix_path.sh'
[4.263s] Level 1:colcon.colcon_core.environment:checking '/home/tal/ros2_ws/src/install/roverrobotics_gazebo/bin'
[4.263s] Level 1:colcon.colcon_core.environment:checking '/home/tal/ros2_ws/src/install/roverrobotics_gazebo/lib/pkgconfig/roverrobotics_gazebo.pc'
[4.264s] Level 1:colcon.colcon_core.environment:checking '/home/tal/ros2_ws/src/install/roverrobotics_gazebo/lib/python3.10/site-packages'
[4.264s] Level 1:colcon.colcon_core.environment:checking '/home/tal/ros2_ws/src/install/roverrobotics_gazebo/bin'
[4.267s] INFO:colcon.colcon_core.shell:Creating package script '/home/tal/ros2_ws/src/install/roverrobotics_gazebo/share/roverrobotics_gazebo/package.ps1'
[4.268s] INFO:colcon.colcon_core.shell:Creating package descriptor '/home/tal/ros2_ws/src/install/roverrobotics_gazebo/share/roverrobotics_gazebo/package.dsv'
[4.268s] INFO:colcon.colcon_core.shell:Creating package script '/home/tal/ros2_ws/src/install/roverrobotics_gazebo/share/roverrobotics_gazebo/package.sh'
[4.269s] INFO:colcon.colcon_core.shell:Creating package script '/home/tal/ros2_ws/src/install/roverrobotics_gazebo/share/roverrobotics_gazebo/package.bash'
[4.270s] INFO:colcon.colcon_core.shell:Creating package script '/home/tal/ros2_ws/src/install/roverrobotics_gazebo/share/roverrobotics_gazebo/package.zsh'
[4.271s] Level 1:colcon.colcon_core.environment:create_file_with_runtime_dependencies(/home/tal/ros2_ws/src/install/roverrobotics_gazebo/share/colcon-core/packages/roverrobotics_gazebo)
[4.302s] DEBUG:colcon.colcon_core.event_handler.log_command:Invoked command in '/home/tal/ros2_ws/src/build/roverrobotics_driver' returned '0': CMAKE_PREFIX_PATH=${CMAKE_PREFIX_PATH}:/opt/ros/humble /usr/bin/cmake /home/tal/ros2_ws/src/roverrobotics_driver -DAMENT_CMAKE_SYMLINK_INSTALL=1 -DCMAKE_INSTALL_PREFIX=/home/tal/ros2_ws/src/install/roverrobotics_driver
[4.305s] DEBUG:colcon.colcon_core.event_handler.log_command:Invoking command in '/home/tal/ros2_ws/src/build/roverrobotics_driver': CMAKE_PREFIX_PATH=${CMAKE_PREFIX_PATH}:/opt/ros/humble /usr/bin/cmake --build /home/tal/ros2_ws/src/build/roverrobotics_driver -- -j8 -l8
[8.097s] DEBUG:colcon.colcon_core.event_handler.log_command:Invoked command in '/home/tal/ros2_ws/src/build/demo_panel' returned '0': CMAKE_PREFIX_PATH=${CMAKE_PREFIX_PATH}:/opt/ros/humble /usr/bin/cmake /home/tal/ros2_ws/src/demo_panel -DAMENT_CMAKE_SYMLINK_INSTALL=1 -DCMAKE_INSTALL_PREFIX=/home/tal/ros2_ws/src/install/demo_panel
[8.100s] DEBUG:colcon.colcon_core.event_handler.log_command:Invoking command in '/home/tal/ros2_ws/src/build/demo_panel': CMAKE_PREFIX_PATH=${CMAKE_PREFIX_PATH}:/opt/ros/humble /usr/bin/cmake --build /home/tal/ros2_ws/src/build/demo_panel -- -j8 -l8
[17.687s] DEBUG:colcon.colcon_core.event_handler.log_command:Invoked command in '/home/tal/ros2_ws/src/build/demo_panel' returned '0': CMAKE_PREFIX_PATH=${CMAKE_PREFIX_PATH}:/opt/ros/humble /usr/bin/cmake --build /home/tal/ros2_ws/src/build/demo_panel -- -j8 -l8
[17.742s] DEBUG:colcon.colcon_core.event_handler.log_command:Invoking command in '/home/tal/ros2_ws/src/build/demo_panel': CMAKE_PREFIX_PATH=${CMAKE_PREFIX_PATH}:/opt/ros/humble /usr/bin/cmake --install /home/tal/ros2_ws/src/build/demo_panel
[18.048s] Level 1:colcon.colcon_core.environment:create_environment_scripts_only(demo_panel)
[18.050s] Level 1:colcon.colcon_core.environment:checking '/home/tal/ros2_ws/src/install/demo_panel' for CMake module files
[18.051s] DEBUG:colcon.colcon_core.event_handler.log_command:Invoked command in '/home/tal/ros2_ws/src/build/demo_panel' returned '0': CMAKE_PREFIX_PATH=${CMAKE_PREFIX_PATH}:/opt/ros/humble /usr/bin/cmake --install /home/tal/ros2_ws/src/build/demo_panel
[18.052s] Level 1:colcon.colcon_core.environment:checking '/home/tal/ros2_ws/src/install/demo_panel' for CMake config files
[18.052s] Level 1:colcon.colcon_core.shell:create_environment_hook('demo_panel', 'cmake_prefix_path')
[18.053s] INFO:colcon.colcon_core.shell:Creating environment hook '/home/tal/ros2_ws/src/install/demo_panel/share/demo_panel/hook/cmake_prefix_path.ps1'
[18.054s] INFO:colcon.colcon_core.shell:Creating environment descriptor '/home/tal/ros2_ws/src/install/demo_panel/share/demo_panel/hook/cmake_prefix_path.dsv'
[18.054s] INFO:colcon.colcon_core.shell:Creating environment hook '/home/tal/ros2_ws/src/install/demo_panel/share/demo_panel/hook/cmake_prefix_path.sh'
[18.055s] Level 1:colcon.colcon_core.environment:checking '/home/tal/ros2_ws/src/install/demo_panel/lib'
[18.055s] Level 1:colcon.colcon_core.shell:create_environment_hook('demo_panel', 'ld_library_path_lib')
[18.056s] INFO:colcon.colcon_core.shell:Creating environment hook '/home/tal/ros2_ws/src/install/demo_panel/share/demo_panel/hook/ld_library_path_lib.ps1'
[18.057s] INFO:colcon.colcon_core.shell:Creating environment descriptor '/home/tal/ros2_ws/src/install/demo_panel/share/demo_panel/hook/ld_library_path_lib.dsv'
[18.057s] INFO:colcon.colcon_core.shell:Creating environment hook '/home/tal/ros2_ws/src/install/demo_panel/share/demo_panel/hook/ld_library_path_lib.sh'
[18.057s] Level 1:colcon.colcon_core.environment:checking '/home/tal/ros2_ws/src/install/demo_panel/bin'
[18.057s] Level 1:colcon.colcon_core.environment:checking '/home/tal/ros2_ws/src/install/demo_panel/lib/pkgconfig/demo_panel.pc'
[18.058s] Level 1:colcon.colcon_core.environment:checking '/home/tal/ros2_ws/src/install/demo_panel/lib/python3.10/site-packages'
[18.058s] Level 1:colcon.colcon_core.environment:checking '/home/tal/ros2_ws/src/install/demo_panel/bin'
[18.059s] INFO:colcon.colcon_core.shell:Creating package script '/home/tal/ros2_ws/src/install/demo_panel/share/demo_panel/package.ps1'
[18.060s] INFO:colcon.colcon_core.shell:Creating package descriptor '/home/tal/ros2_ws/src/install/demo_panel/share/demo_panel/package.dsv'
[18.060s] INFO:colcon.colcon_core.shell:Creating package script '/home/tal/ros2_ws/src/install/demo_panel/share/demo_panel/package.sh'
[18.061s] INFO:colcon.colcon_core.shell:Creating package script '/home/tal/ros2_ws/src/install/demo_panel/share/demo_panel/package.bash'
[18.061s] INFO:colcon.colcon_core.shell:Creating package script '/home/tal/ros2_ws/src/install/demo_panel/share/demo_panel/package.zsh'
[18.061s] Level 1:colcon.colcon_core.environment:create_file_with_runtime_dependencies(/home/tal/ros2_ws/src/install/demo_panel/share/colcon-core/packages/demo_panel)
[18.113s] Level 1:colcon.colcon_core.environment:create_environment_scripts_only(demo_panel)
[18.115s] Level 1:colcon.colcon_core.environment:checking '/home/tal/ros2_ws/src/install/demo_panel' for CMake module files
[18.115s] Level 1:colcon.colcon_core.environment:checking '/home/tal/ros2_ws/src/install/demo_panel' for CMake config files
[18.116s] Level 1:colcon.colcon_core.shell:create_environment_hook('demo_panel', 'cmake_prefix_path')
[18.117s] INFO:colcon.colcon_core.shell:Creating environment hook '/home/tal/ros2_ws/src/install/demo_panel/share/demo_panel/hook/cmake_prefix_path.ps1'
[18.118s] INFO:colcon.colcon_core.shell:Creating environment descriptor '/home/tal/ros2_ws/src/install/demo_panel/share/demo_panel/hook/cmake_prefix_path.dsv'
[18.118s] INFO:colcon.colcon_core.shell:Creating environment hook '/home/tal/ros2_ws/src/install/demo_panel/share/demo_panel/hook/cmake_prefix_path.sh'
[18.119s] Level 1:colcon.colcon_core.environment:checking '/home/tal/ros2_ws/src/install/demo_panel/lib'
[18.119s] Level 1:colcon.colcon_core.shell:create_environment_hook('demo_panel', 'ld_library_path_lib')
[18.120s] INFO:colcon.colcon_core.shell:Creating environment hook '/home/tal/ros2_ws/src/install/demo_panel/share/demo_panel/hook/ld_library_path_lib.ps1'
[18.120s] INFO:colcon.colcon_core.shell:Creating environment descriptor '/home/tal/ros2_ws/src/install/demo_panel/share/demo_panel/hook/ld_library_path_lib.dsv'
[18.121s] INFO:colcon.colcon_core.shell:Creating environment hook '/home/tal/ros2_ws/src/install/demo_panel/share/demo_panel/hook/ld_library_path_lib.sh'
[18.121s] Level 1:colcon.colcon_core.environment:checking '/home/tal/ros2_ws/src/install/demo_panel/bin'
[18.121s] Level 1:colcon.colcon_core.environment:checking '/home/tal/ros2_ws/src/install/demo_panel/lib/pkgconfig/demo_panel.pc'
[18.121s] Level 1:colcon.colcon_core.environment:checking '/home/tal/ros2_ws/src/install/demo_panel/lib/python3.10/site-packages'
[18.122s] Level 1:colcon.colcon_core.environment:checking '/home/tal/ros2_ws/src/install/demo_panel/bin'
[18.123s] INFO:colcon.colcon_core.shell:Creating package script '/home/tal/ros2_ws/src/install/demo_panel/share/demo_panel/package.ps1'
[18.124s] INFO:colcon.colcon_core.shell:Creating package descriptor '/home/tal/ros2_ws/src/install/demo_panel/share/demo_panel/package.dsv'
[18.125s] INFO:colcon.colcon_core.shell:Creating package script '/home/tal/ros2_ws/src/install/demo_panel/share/demo_panel/package.sh'
[18.125s] INFO:colcon.colcon_core.shell:Creating package script '/home/tal/ros2_ws/src/install/demo_panel/share/demo_panel/package.bash'
[18.126s] INFO:colcon.colcon_core.shell:Creating package script '/home/tal/ros2_ws/src/install/demo_panel/share/demo_panel/package.zsh'
[18.126s] Level 1:colcon.colcon_core.environment:create_file_with_runtime_dependencies(/home/tal/ros2_ws/src/install/demo_panel/share/colcon-core/packages/demo_panel)
[21.504s] DEBUG:colcon.colcon_core.event_handler.log_command:Invoked command in '/home/tal/ros2_ws/src/build/switch_control' returned '0': CMAKE_PREFIX_PATH=${CMAKE_PREFIX_PATH}:/opt/ros/humble /usr/bin/cmake --build /home/tal/ros2_ws/src/build/switch_control -- -j8 -l8
[21.539s] DEBUG:colcon.colcon_core.event_handler.log_command:Invoking command in '/home/tal/ros2_ws/src/build/switch_control': CMAKE_PREFIX_PATH=${CMAKE_PREFIX_PATH}:/opt/ros/humble /usr/bin/cmake --install /home/tal/ros2_ws/src/build/switch_control
[21.744s] Level 1:colcon.colcon_core.environment:create_environment_scripts_only(switch_control)
[21.747s] Level 1:colcon.colcon_core.environment:checking '/home/tal/ros2_ws/src/install/switch_control' for CMake module files
[21.748s] DEBUG:colcon.colcon_core.event_handler.log_command:Invoked command in '/home/tal/ros2_ws/src/build/switch_control' returned '0': CMAKE_PREFIX_PATH=${CMAKE_PREFIX_PATH}:/opt/ros/humble /usr/bin/cmake --install /home/tal/ros2_ws/src/build/switch_control
[21.749s] Level 1:colcon.colcon_core.environment:checking '/home/tal/ros2_ws/src/install/switch_control' for CMake config files
[21.749s] Level 1:colcon.colcon_core.shell:create_environment_hook('switch_control', 'cmake_prefix_path')
[21.752s] INFO:colcon.colcon_core.shell:Creating environment hook '/home/tal/ros2_ws/src/install/switch_control/share/switch_control/hook/cmake_prefix_path.ps1'
[21.752s] INFO:colcon.colcon_core.shell:Creating environment descriptor '/home/tal/ros2_ws/src/install/switch_control/share/switch_control/hook/cmake_prefix_path.dsv'
[21.752s] INFO:colcon.colcon_core.shell:Creating environment hook '/home/tal/ros2_ws/src/install/switch_control/share/switch_control/hook/cmake_prefix_path.sh'
[21.753s] Level 1:colcon.colcon_core.environment:checking '/home/tal/ros2_ws/src/install/switch_control/lib'
[21.753s] Level 1:colcon.colcon_core.environment:checking '/home/tal/ros2_ws/src/install/switch_control/bin'
[21.753s] Level 1:colcon.colcon_core.environment:checking '/home/tal/ros2_ws/src/install/switch_control/lib/pkgconfig/switch_control.pc'
[21.753s] Level 1:colcon.colcon_core.environment:checking '/home/tal/ros2_ws/src/install/switch_control/lib/python3.10/site-packages'
[21.754s] Level 1:colcon.colcon_core.environment:checking '/home/tal/ros2_ws/src/install/switch_control/bin'
[21.755s] INFO:colcon.colcon_core.shell:Creating package script '/home/tal/ros2_ws/src/install/switch_control/share/switch_control/package.ps1'
[21.755s] INFO:colcon.colcon_core.shell:Creating package descriptor '/home/tal/ros2_ws/src/install/switch_control/share/switch_control/package.dsv'
[21.756s] INFO:colcon.colcon_core.shell:Creating package script '/home/tal/ros2_ws/src/install/switch_control/share/switch_control/package.sh'
[21.756s] INFO:colcon.colcon_core.shell:Creating package script '/home/tal/ros2_ws/src/install/switch_control/share/switch_control/package.bash'
[21.756s] INFO:colcon.colcon_core.shell:Creating package script '/home/tal/ros2_ws/src/install/switch_control/share/switch_control/package.zsh'
[21.757s] Level 1:colcon.colcon_core.environment:create_file_with_runtime_dependencies(/home/tal/ros2_ws/src/install/switch_control/share/colcon-core/packages/switch_control)
[21.797s] Level 1:colcon.colcon_core.environment:create_environment_scripts_only(switch_control)
[21.799s] Level 1:colcon.colcon_core.environment:checking '/home/tal/ros2_ws/src/install/switch_control' for CMake module files
[21.800s] Level 1:colcon.colcon_core.environment:checking '/home/tal/ros2_ws/src/install/switch_control' for CMake config files
[21.800s] Level 1:colcon.colcon_core.shell:create_environment_hook('switch_control', 'cmake_prefix_path')
[21.802s] INFO:colcon.colcon_core.shell:Creating environment hook '/home/tal/ros2_ws/src/install/switch_control/share/switch_control/hook/cmake_prefix_path.ps1'
[21.802s] INFO:colcon.colcon_core.shell:Creating environment descriptor '/home/tal/ros2_ws/src/install/switch_control/share/switch_control/hook/cmake_prefix_path.dsv'
[21.803s] INFO:colcon.colcon_core.shell:Creating environment hook '/home/tal/ros2_ws/src/install/switch_control/share/switch_control/hook/cmake_prefix_path.sh'
[21.803s] Level 1:colcon.colcon_core.environment:checking '/home/tal/ros2_ws/src/install/switch_control/lib'
[21.803s] Level 1:colcon.colcon_core.environment:checking '/home/tal/ros2_ws/src/install/switch_control/bin'
[21.804s] Level 1:colcon.colcon_core.environment:checking '/home/tal/ros2_ws/src/install/switch_control/lib/pkgconfig/switch_control.pc'
[21.804s] Level 1:colcon.colcon_core.environment:checking '/home/tal/ros2_ws/src/install/switch_control/lib/python3.10/site-packages'
[21.804s] Level 1:colcon.colcon_core.environment:checking '/home/tal/ros2_ws/src/install/switch_control/bin'
[21.806s] INFO:colcon.colcon_core.shell:Creating package script '/home/tal/ros2_ws/src/install/switch_control/share/switch_control/package.ps1'
[21.806s] INFO:colcon.colcon_core.shell:Creating package descriptor '/home/tal/ros2_ws/src/install/switch_control/share/switch_control/package.dsv'
[21.807s] INFO:colcon.colcon_core.shell:Creating package script '/home/tal/ros2_ws/src/install/switch_control/share/switch_control/package.sh'
[21.808s] INFO:colcon.colcon_core.shell:Creating package script '/home/tal/ros2_ws/src/install/switch_control/share/switch_control/package.bash'
[21.808s] INFO:colcon.colcon_core.shell:Creating package script '/home/tal/ros2_ws/src/install/switch_control/share/switch_control/package.zsh'
[21.809s] Level 1:colcon.colcon_core.environment:create_file_with_runtime_dependencies(/home/tal/ros2_ws/src/install/switch_control/share/colcon-core/packages/switch_control)
[31.929s] DEBUG:colcon.colcon_core.event_handler.log_command:Invoked command in '/home/tal/ros2_ws/src/build/roverrobotics_driver' returned '0': CMAKE_PREFIX_PATH=${CMAKE_PREFIX_PATH}:/opt/ros/humble /usr/bin/cmake --build /home/tal/ros2_ws/src/build/roverrobotics_driver -- -j8 -l8
[32.003s] DEBUG:colcon.colcon_core.event_handler.log_command:Invoking command in '/home/tal/ros2_ws/src/build/roverrobotics_driver': CMAKE_PREFIX_PATH=${CMAKE_PREFIX_PATH}:/opt/ros/humble /usr/bin/cmake --install /home/tal/ros2_ws/src/build/roverrobotics_driver
[32.674s] Level 1:colcon.colcon_core.environment:create_environment_scripts_only(roverrobotics_driver)
[32.679s] Level 1:colcon.colcon_core.environment:checking '/home/tal/ros2_ws/src/install/roverrobotics_driver' for CMake module files
[32.680s] DEBUG:colcon.colcon_core.event_handler.log_command:Invoked command in '/home/tal/ros2_ws/src/build/roverrobotics_driver' returned '0': CMAKE_PREFIX_PATH=${CMAKE_PREFIX_PATH}:/opt/ros/humble /usr/bin/cmake --install /home/tal/ros2_ws/src/build/roverrobotics_driver
[32.680s] Level 1:colcon.colcon_core.environment:checking '/home/tal/ros2_ws/src/install/roverrobotics_driver' for CMake config files
[32.682s] Level 1:colcon.colcon_core.shell:create_environment_hook('roverrobotics_driver', 'cmake_prefix_path')
[32.685s] INFO:colcon.colcon_core.shell:Creating environment hook '/home/tal/ros2_ws/src/install/roverrobotics_driver/share/roverrobotics_driver/hook/cmake_prefix_path.ps1'
[32.685s] INFO:colcon.colcon_core.shell:Creating environment descriptor '/home/tal/ros2_ws/src/install/roverrobotics_driver/share/roverrobotics_driver/hook/cmake_prefix_path.dsv'
[32.686s] INFO:colcon.colcon_core.shell:Creating environment hook '/home/tal/ros2_ws/src/install/roverrobotics_driver/share/roverrobotics_driver/hook/cmake_prefix_path.sh'
[32.687s] Level 1:colcon.colcon_core.environment:checking '/home/tal/ros2_ws/src/install/roverrobotics_driver/lib'
[32.687s] Level 1:colcon.colcon_core.environment:checking '/home/tal/ros2_ws/src/install/roverrobotics_driver/bin'
[32.687s] Level 1:colcon.colcon_core.environment:checking '/home/tal/ros2_ws/src/install/roverrobotics_driver/lib/pkgconfig/roverrobotics_driver.pc'
[32.687s] Level 1:colcon.colcon_core.environment:checking '/home/tal/ros2_ws/src/install/roverrobotics_driver/lib/python3.10/site-packages'
[32.688s] Level 1:colcon.colcon_core.environment:checking '/home/tal/ros2_ws/src/install/roverrobotics_driver/bin'
[32.691s] INFO:colcon.colcon_core.shell:Creating package script '/home/tal/ros2_ws/src/install/roverrobotics_driver/share/roverrobotics_driver/package.ps1'
[32.692s] INFO:colcon.colcon_core.shell:Creating package descriptor '/home/tal/ros2_ws/src/install/roverrobotics_driver/share/roverrobotics_driver/package.dsv'
[32.692s] INFO:colcon.colcon_core.shell:Creating package script '/home/tal/ros2_ws/src/install/roverrobotics_driver/share/roverrobotics_driver/package.sh'
[32.693s] INFO:colcon.colcon_core.shell:Creating package script '/home/tal/ros2_ws/src/install/roverrobotics_driver/share/roverrobotics_driver/package.bash'
[32.693s] INFO:colcon.colcon_core.shell:Creating package script '/home/tal/ros2_ws/src/install/roverrobotics_driver/share/roverrobotics_driver/package.zsh'
[32.694s] Level 1:colcon.colcon_core.environment:create_file_with_runtime_dependencies(/home/tal/ros2_ws/src/install/roverrobotics_driver/share/colcon-core/packages/roverrobotics_driver)
[32.766s] Level 1:colcon.colcon_core.environment:create_environment_scripts_only(roverrobotics_driver)
[32.770s] Level 1:colcon.colcon_core.environment:checking '/home/tal/ros2_ws/src/install/roverrobotics_driver' for CMake module files
[32.772s] Level 1:colcon.colcon_core.environment:checking '/home/tal/ros2_ws/src/install/roverrobotics_driver' for CMake config files
[32.773s] Level 1:colcon.colcon_core.shell:create_environment_hook('roverrobotics_driver', 'cmake_prefix_path')
[32.776s] INFO:colcon.colcon_core.shell:Creating environment hook '/home/tal/ros2_ws/src/install/roverrobotics_driver/share/roverrobotics_driver/hook/cmake_prefix_path.ps1'
[32.777s] INFO:colcon.colcon_core.shell:Creating environment descriptor '/home/tal/ros2_ws/src/install/roverrobotics_driver/share/roverrobotics_driver/hook/cmake_prefix_path.dsv'
[32.777s] INFO:colcon.colcon_core.shell:Creating environment hook '/home/tal/ros2_ws/src/install/roverrobotics_driver/share/roverrobotics_driver/hook/cmake_prefix_path.sh'
[32.778s] Level 1:colcon.colcon_core.environment:checking '/home/tal/ros2_ws/src/install/roverrobotics_driver/lib'
[32.778s] Level 1:colcon.colcon_core.environment:checking '/home/tal/ros2_ws/src/install/roverrobotics_driver/bin'
[32.778s] Level 1:colcon.colcon_core.environment:checking '/home/tal/ros2_ws/src/install/roverrobotics_driver/lib/pkgconfig/roverrobotics_driver.pc'
[32.779s] Level 1:colcon.colcon_core.environment:checking '/home/tal/ros2_ws/src/install/roverrobotics_driver/lib/python3.10/site-packages'
[32.779s] Level 1:colcon.colcon_core.environment:checking '/home/tal/ros2_ws/src/install/roverrobotics_driver/bin'
[32.782s] INFO:colcon.colcon_core.shell:Creating package script '/home/tal/ros2_ws/src/install/roverrobotics_driver/share/roverrobotics_driver/package.ps1'
[32.783s] INFO:colcon.colcon_core.shell:Creating package descriptor '/home/tal/ros2_ws/src/install/roverrobotics_driver/share/roverrobotics_driver/package.dsv'
[32.784s] INFO:colcon.colcon_core.shell:Creating package script '/home/tal/ros2_ws/src/install/roverrobotics_driver/share/roverrobotics_driver/package.sh'
[32.785s] INFO:colcon.colcon_core.shell:Creating package script '/home/tal/ros2_ws/src/install/roverrobotics_driver/share/roverrobotics_driver/package.bash'
[32.785s] INFO:colcon.colcon_core.shell:Creating package script '/home/tal/ros2_ws/src/install/roverrobotics_driver/share/roverrobotics_driver/package.zsh'
[32.786s] Level 1:colcon.colcon_core.environment:create_file_with_runtime_dependencies(/home/tal/ros2_ws/src/install/roverrobotics_driver/share/colcon-core/packages/roverrobotics_driver)
[32.786s] DEBUG:colcon.colcon_parallel_executor.executor.parallel:closing loop
[32.787s] DEBUG:colcon.colcon_parallel_executor.executor.parallel:loop closed
[32.787s] DEBUG:colcon.colcon_parallel_executor.executor.parallel:run_until_complete finished with '0'
[32.787s] DEBUG:colcon.colcon_core.event_reactor:joining thread
[32.794s] INFO:colcon.colcon_core.plugin_system:Skipping extension 'colcon_notification.desktop_notification.terminal_notifier': Not used on non-Darwin systems
[32.795s] INFO:colcon.colcon_core.plugin_system:Skipping extension 'colcon_notification.desktop_notification.win32': Not used on non-Windows systems
[32.795s] INFO:colcon.colcon_notification.desktop_notification:Sending desktop notification using 'notify2'
[32.806s] DEBUG:colcon.colcon_core.event_reactor:joined thread
[32.810s] INFO:colcon.colcon_core.shell:Creating prefix script '/home/tal/ros2_ws/src/install/local_setup.ps1'
[32.812s] INFO:colcon.colcon_core.shell:Creating prefix util module '/home/tal/ros2_ws/src/install/_local_setup_util_ps1.py'
[32.815s] INFO:colcon.colcon_core.shell:Creating prefix chain script '/home/tal/ros2_ws/src/install/setup.ps1'
[32.819s] INFO:colcon.colcon_core.shell:Creating prefix script '/home/tal/ros2_ws/src/install/local_setup.sh'
[32.820s] INFO:colcon.colcon_core.shell:Creating prefix util module '/home/tal/ros2_ws/src/install/_local_setup_util_sh.py'
[32.820s] INFO:colcon.colcon_core.shell:Creating prefix chain script '/home/tal/ros2_ws/src/install/setup.sh'
[32.824s] INFO:colcon.colcon_core.shell:Creating prefix script '/home/tal/ros2_ws/src/install/local_setup.bash'
[32.825s] INFO:colcon.colcon_core.shell:Creating prefix chain script '/home/tal/ros2_ws/src/install/setup.bash'
[32.828s] INFO:colcon.colcon_core.shell:Creating prefix script '/home/tal/ros2_ws/src/install/local_setup.zsh'
[32.829s] INFO:colcon.colcon_core.shell:Creating prefix chain script '/home/tal/ros2_ws/src/install/setup.zsh'
