-- The C compiler identification is GNU 11.4.0
-- The CXX compiler identification is GNU 11.4.0
-- Detecting C compiler ABI info
-- Detecting C compiler ABI info - done
-- Check for working C compiler: /usr/bin/cc - skipped
-- Detecting C compile features
-- Detecting C compile features - done
-- Detecting CXX compiler ABI info
-- Detecting CXX compiler ABI info - done
-- Check for working CXX compiler: /usr/bin/c++ - skipped
-- Detecting CXX compile features
-- Detecting CXX compile features - done
-- Found ament_cmake: 1.3.5 (/opt/ros/humble/share/ament_cmake/cmake)
-- Found Python3: /usr/bin/python3.10 (found version "3.10.12") found components: Interpreter 
-- Override CMake install command with custom implementation using symlinks instead of copying resources
-- Found rclcpp: 16.0.5 (/opt/ros/humble/share/rclcpp/cmake)
-- Found rosidl_generator_c: 3.1.5 (/opt/ros/humble/share/rosidl_generator_c/cmake)
-- Found rosidl_adapter: 3.1.5 (/opt/ros/humble/share/rosidl_adapter/cmake)
-- Found rosidl_generator_cpp: 3.1.5 (/opt/ros/humble/share/rosidl_generator_cpp/cmake)
-- Using all available rosidl_typesupport_c: rosidl_typesupport_fastrtps_c;rosidl_typesupport_introspection_c
-- Using all available rosidl_typesupport_cpp: rosidl_typesupport_fastrtps_cpp;rosidl_typesupport_introspection_cpp
-- Found rmw_implementation_cmake: 6.1.1 (/opt/ros/humble/share/rmw_implementation_cmake/cmake)
-- Found rmw_fastrtps_cpp: 6.2.3 (/opt/ros/humble/share/rmw_fastrtps_cpp/cmake)
-- Found OpenSSL: /usr/lib/x86_64-linux-gnu/libcrypto.so (found version "3.0.2")  
-- Found FastRTPS: /opt/ros/humble/include  
-- Using RMW implementation 'rmw_fastrtps_cpp' as default
-- Looking for pthread.h
-- Looking for pthread.h - found
-- Performing Test CMAKE_HAVE_LIBC_PTHREAD
-- Performing Test CMAKE_HAVE_LIBC_PTHREAD - Success
-- Found Threads: TRUE  
-- Found class_loader: 2.2.0 (/opt/ros/humble/share/class_loader/cmake)
-- Found pluginlib: 5.1.0 (/opt/ros/humble/share/pluginlib/cmake)
-- Found rviz2: 11.2.7 (/opt/ros/humble/share/rviz2/cmake)
-- Found rviz_common: 11.2.7 (/opt/ros/humble/share/rviz_common/cmake)
-- Setting OGRE_DIR to: '/opt/ros/humble/share/rviz_ogre_vendor/cmake/../../../opt/rviz_ogre_vendor/lib/OGRE/cmake'
-- Found OGRE
--   static     : OFF
--   components : HLMS;MeshLodGenerator;Overlay;Paging;Property;RTShaderSystem;Terrain;Volume
--   plugins    : Plugin_BSPSceneManager;Plugin_OctreeSceneManager;Plugin_PCZSceneManager;Plugin_ParticleFX;RenderSystem_GL;RenderSystem_GL3Plus;Codec_STBI
--   media      : /opt/ros/humble/opt/rviz_ogre_vendor/share/OGRE/Media
-- OGRE_LIBRARIES: OgreHLMS;OgreMeshLodGenerator;OgreOverlay;OgrePaging;OgreProperty;OgreRTShaderSystem;OgreTerrain;OgreVolume;OgreMain
-- OGRE_LIBRARY_DIRS: /opt/ros/humble/opt/rviz_ogre_vendor/lib
-- OGRE_PLUGINS: Plugin_BSPSceneManager;Plugin_OctreeSceneManager;Plugin_PCZSceneManager;Plugin_ParticleFX;RenderSystem_GL;RenderSystem_GL3Plus;Codec_STBI
-- OGRE_PLUGIN_DIR: /opt/ros/humble/opt/rviz_ogre_vendor/lib/OGRE
-- rviz_ogre_vendor::OgreOverlay for IMPORTED_LOCATION_RELEASE: /opt/ros/humble/opt/rviz_ogre_vendor/lib/libOgreOverlay.so
-- rviz_ogre_vendor::OgreOverlay for IMPORTED_LOCATION_DEBUG: /opt/ros/humble/opt/rviz_ogre_vendor/lib/libOgreOverlay.so
-- rviz_ogre_vendor::OgreMain for IMPORTED_LOCATION_RELEASE: /opt/ros/humble/opt/rviz_ogre_vendor/lib/libOgreMain.so
-- rviz_ogre_vendor::OgreMain for IMPORTED_LOCATION_DEBUG: /opt/ros/humble/opt/rviz_ogre_vendor/lib/libOgreMain.so
-- Found ZLIB: /usr/lib/x86_64-linux-gnu/libz.so (found version "1.2.11") 
-- Found OpenGL: /usr/lib/x86_64-linux-gnu/libOpenGL.so   
-- Found X11: /usr/include   
-- Looking for XOpenDisplay in /usr/lib/x86_64-linux-gnu/libX11.so;/usr/lib/x86_64-linux-gnu/libXext.so
-- Looking for XOpenDisplay in /usr/lib/x86_64-linux-gnu/libX11.so;/usr/lib/x86_64-linux-gnu/libXext.so - found
-- Looking for gethostbyname
-- Looking for gethostbyname - found
-- Looking for connect
-- Looking for connect - found
-- Looking for remove
-- Looking for remove - found
-- Looking for shmat
-- Looking for shmat - found
-- Looking for IceConnectionNumber in ICE
-- Looking for IceConnectionNumber in ICE - found
-- rviz_ogre_vendor::RenderSystem_GL for IMPORTED_LOCATION_RELEASE: _render_system_gl_static_library_abs-NOTFOUND
-- rviz_ogre_vendor::RenderSystem_GL for IMPORTED_LOCATION_DEBUG: _render_system_gl_static_library_abs-NOTFOUND
-- library: /usr/lib/x86_64-linux-gnu/libcurl.so
-- Found Eigen3: TRUE (found version "3.4.0") 
-- Ensuring Eigen3 include directory is part of orocos-kdl CMake target
-- Found rviz_default_plugins: 11.2.7 (/opt/ros/humble/share/rviz_default_plugins/cmake)
-- Generate header for ui with rviz2_QT_VERSION: 
-- Found ament_lint_auto: 0.12.7 (/opt/ros/humble/share/ament_lint_auto/cmake)
-- Added test 'copyright' to check source files copyright and LICENSE
-- Added test 'cppcheck' to perform static code analysis on C / C++ code
-- Configured cppcheck include dirs: /home/tal/ros2_ws/src/demo_panel/include
-- Configured cppcheck exclude dirs and/or files: 
-- Added test 'cpplint' to check C / C++ code against the Google style
-- Configured cpplint exclude dirs and/or files: 
-- Added test 'lint_cmake' to check CMake code style
-- Added test 'uncrustify' to check C / C++ code style
-- Configured uncrustify additional arguments: 
-- Added test 'xmllint' to check XML markup files
-- Configuring done
-- Generating done
-- Build files have been written to: /home/tal/ros2_ws/src/build/demo_panel
[ 11%] [34m[1mAutomatic MOC for target demo_panel[0m
[ 11%] Built target demo_panel_autogen
[ 22%] [34m[1mGenerating include/demo_panel/moc_demo_widget.cpp[0m
[ 33%] [34m[1mGenerating include/demo_panel/moc_demo_panel.cpp[0m
[ 44%] [32mBuilding CXX object CMakeFiles/demo_panel.dir/src/demo_panel.cpp.o[0m
[ 55%] [32mBuilding CXX object CMakeFiles/demo_panel.dir/demo_panel_autogen/mocs_compilation.cpp.o[0m
[ 77%] [32mBuilding CXX object CMakeFiles/demo_panel.dir/include/demo_panel/moc_demo_panel.cpp.o[0m
[ 77%] [32mBuilding CXX object CMakeFiles/demo_panel.dir/include/demo_panel/moc_demo_widget.cpp.o[0m
[ 88%] [32mBuilding CXX object CMakeFiles/demo_panel.dir/src/demo_widget.cpp.o[0m
[100%] [32m[1mLinking CXX shared library libdemo_panel.so[0m
[100%] Built target demo_panel
-- Install configuration: ""
-- Execute custom install script
-- Symlinking: /home/tal/ros2_ws/src/install/demo_panel/share/demo_panel//demo_plugin.xml
-- Symlinking: /home/tal/ros2_ws/src/install/demo_panel/include/demo_panel/demo_panel.h
-- Symlinking: /home/tal/ros2_ws/src/install/demo_panel/include/demo_panel/demo_widget.h
-- Symlinking: /home/tal/ros2_ws/src/install/demo_panel/share/demo_panel/environment/library_path.sh
-- Symlinking: /home/tal/ros2_ws/src/install/demo_panel/share/demo_panel/environment/library_path.dsv
-- Symlinking: /home/tal/ros2_ws/src/install/demo_panel/share/ament_index/resource_index/package_run_dependencies/demo_panel
-- Symlinking: /home/tal/ros2_ws/src/install/demo_panel/share/ament_index/resource_index/parent_prefix_path/demo_panel
-- Symlinking: /home/tal/ros2_ws/src/install/demo_panel/share/demo_panel/environment/ament_prefix_path.sh
-- Symlinking: /home/tal/ros2_ws/src/install/demo_panel/share/demo_panel/environment/ament_prefix_path.dsv
-- Symlinking: /home/tal/ros2_ws/src/install/demo_panel/share/demo_panel/environment/path.sh
-- Symlinking: /home/tal/ros2_ws/src/install/demo_panel/share/demo_panel/environment/path.dsv
-- Symlinking: /home/tal/ros2_ws/src/install/demo_panel/share/demo_panel/local_setup.bash
-- Symlinking: /home/tal/ros2_ws/src/install/demo_panel/share/demo_panel/local_setup.sh
-- Symlinking: /home/tal/ros2_ws/src/install/demo_panel/share/demo_panel/local_setup.zsh
-- Symlinking: /home/tal/ros2_ws/src/install/demo_panel/share/demo_panel/local_setup.dsv
-- Symlinking: /home/tal/ros2_ws/src/install/demo_panel/share/demo_panel/package.dsv
-- Symlinking: /home/tal/ros2_ws/src/install/demo_panel/share/ament_index/resource_index/packages/demo_panel
-- Symlinking: /home/tal/ros2_ws/src/install/demo_panel/share/ament_index/resource_index/rviz_common__pluginlib__plugin/demo_panel
-- Symlinking: /home/tal/ros2_ws/src/install/demo_panel/share/demo_panel/cmake/ament_cmake_export_include_directories-extras.cmake
-- Symlinking: /home/tal/ros2_ws/src/install/demo_panel/share/demo_panel/cmake/ament_cmake_export_libraries-extras.cmake
-- Symlinking: /home/tal/ros2_ws/src/install/demo_panel/share/demo_panel/cmake/ament_cmake_export_targets-extras.cmake
-- Symlinking: /home/tal/ros2_ws/src/install/demo_panel/share/demo_panel/cmake/ament_cmake_export_dependencies-extras.cmake
-- Symlinking: /home/tal/ros2_ws/src/install/demo_panel/share/demo_panel/cmake/demo_panelConfig.cmake
-- Symlinking: /home/tal/ros2_ws/src/install/demo_panel/share/demo_panel/cmake/demo_panelConfig-version.cmake
-- Symlinking: /home/tal/ros2_ws/src/install/demo_panel/share/demo_panel/package.xml
-- Installing: /home/tal/ros2_ws/src/install/demo_panel/lib/libdemo_panel.so
-- Set runtime path of "/home/tal/ros2_ws/src/install/demo_panel/lib/libdemo_panel.so" to ""
-- Installing: /home/tal/ros2_ws/src/install/demo_panel/share/demo_panel/cmake/demo_panelExport.cmake
-- Installing: /home/tal/ros2_ws/src/install/demo_panel/share/demo_panel/cmake/demo_panelExport-noconfig.cmake
