[0.054s] Invoking command in '/home/tal/ros2_ws/src/build/roverrobotics_description': CMAKE_PREFIX_PATH=${CMAKE_PREFIX_PATH}:/opt/ros/humble /usr/bin/cmake /home/tal/ros2_ws/src/roverrobotics_description -DAMENT_CMAKE_SYMLINK_INSTALL=1 -DCMAKE_INSTALL_PREFIX=/home/tal/ros2_ws/src/install/roverrobotics_description
[0.158s] -- The C compiler identification is GNU 11.4.0
[0.249s] -- The CXX compiler identification is GNU 11.4.0
[0.260s] -- Detecting C compiler ABI info
[0.368s] -- Detecting C compiler ABI info - done
[0.380s] -- Check for working C compiler: /usr/bin/cc - skipped
[0.381s] -- Detecting C compile features
[0.381s] -- Detecting C compile features - done
[0.385s] -- Detecting CXX compiler ABI info
[0.535s] -- Detecting CXX compiler ABI info - done
[0.558s] -- Check for working CXX compiler: /usr/bin/c++ - skipped
[0.559s] -- Detecting CXX compile features
[0.560s] -- Detecting CXX compile features - done
[0.564s] -- Found ament_cmake: 1.3.5 (/opt/ros/humble/share/ament_cmake/cmake)
[0.877s] -- Found Python3: /usr/bin/python3.10 (found version "3.10.12") found components: Interpreter 
[0.988s] -- Override CMake install command with custom implementation using symlinks instead of copying resources
[1.166s] -- Configuring done
[1.170s] -- Generating done
[1.171s] -- Build files have been written to: /home/tal/ros2_ws/src/build/roverrobotics_description
[1.181s] Invoked command in '/home/tal/ros2_ws/src/build/roverrobotics_description' returned '0': CMAKE_PREFIX_PATH=${CMAKE_PREFIX_PATH}:/opt/ros/humble /usr/bin/cmake /home/tal/ros2_ws/src/roverrobotics_description -DAMENT_CMAKE_SYMLINK_INSTALL=1 -DCMAKE_INSTALL_PREFIX=/home/tal/ros2_ws/src/install/roverrobotics_description
[1.182s] Invoking command in '/home/tal/ros2_ws/src/build/roverrobotics_description': CMAKE_PREFIX_PATH=${CMAKE_PREFIX_PATH}:/opt/ros/humble /usr/bin/cmake --build /home/tal/ros2_ws/src/build/roverrobotics_description -- -j8 -l8
[1.243s] Invoked command in '/home/tal/ros2_ws/src/build/roverrobotics_description' returned '0': CMAKE_PREFIX_PATH=${CMAKE_PREFIX_PATH}:/opt/ros/humble /usr/bin/cmake --build /home/tal/ros2_ws/src/build/roverrobotics_description -- -j8 -l8
[1.291s] Invoking command in '/home/tal/ros2_ws/src/build/roverrobotics_description': CMAKE_PREFIX_PATH=${CMAKE_PREFIX_PATH}:/opt/ros/humble /usr/bin/cmake --install /home/tal/ros2_ws/src/build/roverrobotics_description
[1.302s] -- Install configuration: ""
[1.303s] -- Execute custom install script
[1.306s] -- Symlinking: /home/tal/ros2_ws/src/install/roverrobotics_description/share/roverrobotics_description/rviz/urdf.rviz
[1.321s] -- Symlinking: /home/tal/ros2_ws/src/install/roverrobotics_description/share/roverrobotics_description/launch/display_2wd_rover.launch.py
[1.335s] -- Symlinking: /home/tal/ros2_ws/src/install/roverrobotics_description/share/roverrobotics_description/launch/display_4wd_rover.launch.py
[1.349s] -- Symlinking: /home/tal/ros2_ws/src/install/roverrobotics_description/share/roverrobotics_description/launch/display_flipper.launch.py
[1.364s] -- Symlinking: /home/tal/ros2_ws/src/install/roverrobotics_description/share/roverrobotics_description/launch/display_indoor_miti.launch.py
[1.379s] -- Symlinking: /home/tal/ros2_ws/src/install/roverrobotics_description/share/roverrobotics_description/launch/display_mini.launch.py
[1.395s] -- Symlinking: /home/tal/ros2_ws/src/install/roverrobotics_description/share/roverrobotics_description/launch/display_miti.launch.py
[1.411s] -- Symlinking: /home/tal/ros2_ws/src/install/roverrobotics_description/share/roverrobotics_description/meshes/castor.dae
[1.427s] -- Symlinking: /home/tal/ros2_ws/src/install/roverrobotics_description/share/roverrobotics_description/meshes/castor_housing.dae
[1.442s] -- Symlinking: /home/tal/ros2_ws/src/install/roverrobotics_description/share/roverrobotics_description/meshes/flipper.dae
[1.457s] -- Symlinking: /home/tal/ros2_ws/src/install/roverrobotics_description/share/roverrobotics_description/meshes/flipper_chassis.dae
[1.473s] -- Symlinking: /home/tal/ros2_ws/src/install/roverrobotics_description/share/roverrobotics_description/meshes/flipper_track.dae
[1.488s] -- Symlinking: /home/tal/ros2_ws/src/install/roverrobotics_description/share/roverrobotics_description/meshes/hub_10in.dae
[1.499s] -- Symlinking: /home/tal/ros2_ws/src/install/roverrobotics_description/share/roverrobotics_description/meshes/hub_6.5in.dae
[1.510s] -- Symlinking: /home/tal/ros2_ws/src/install/roverrobotics_description/share/roverrobotics_description/meshes/mini_chassis.dae
[1.522s] -- Symlinking: /home/tal/ros2_ws/src/install/roverrobotics_description/share/roverrobotics_description/meshes/miti_chassis.dae
[1.533s] -- Symlinking: /home/tal/ros2_ws/src/install/roverrobotics_description/share/roverrobotics_description/meshes/pro_tire.dae
[1.543s] -- Symlinking: /home/tal/ros2_ws/src/install/roverrobotics_description/share/roverrobotics_description/meshes/rover_2wd_core.dae
[1.554s] -- Symlinking: /home/tal/ros2_ws/src/install/roverrobotics_description/share/roverrobotics_description/meshes/rover_payload.dae
[1.565s] -- Symlinking: /home/tal/ros2_ws/src/install/roverrobotics_description/share/roverrobotics_description/meshes/rplidar_s2.dae
[1.577s] -- Symlinking: /home/tal/ros2_ws/src/install/roverrobotics_description/share/roverrobotics_description/urdf/accessories/imu.urdf
[1.592s] -- Symlinking: /home/tal/ros2_ws/src/install/roverrobotics_description/share/roverrobotics_description/urdf/accessories/rover_dev_payload.urdf
[1.606s] -- Symlinking: /home/tal/ros2_ws/src/install/roverrobotics_description/share/roverrobotics_description/urdf/accessories/rplidar_s2.urdf
[1.619s] -- Symlinking: /home/tal/ros2_ws/src/install/roverrobotics_description/share/roverrobotics_description/urdf/flipper.urdf
[1.633s] -- Symlinking: /home/tal/ros2_ws/src/install/roverrobotics_description/share/roverrobotics_description/urdf/indoor_miti.urdf
[1.649s] -- Symlinking: /home/tal/ros2_ws/src/install/roverrobotics_description/share/roverrobotics_description/urdf/mini.urdf
[1.667s] -- Symlinking: /home/tal/ros2_ws/src/install/roverrobotics_description/share/roverrobotics_description/urdf/miti.urdf
[1.680s] -- Symlinking: /home/tal/ros2_ws/src/install/roverrobotics_description/share/roverrobotics_description/urdf/rover_2wd.urdf
[1.691s] -- Symlinking: /home/tal/ros2_ws/src/install/roverrobotics_description/share/roverrobotics_description/urdf/rover_4wd.urdf
[1.702s] -- Symlinking: /home/tal/ros2_ws/src/install/roverrobotics_description/share/ament_index/resource_index/package_run_dependencies/roverrobotics_description
[1.714s] -- Symlinking: /home/tal/ros2_ws/src/install/roverrobotics_description/share/ament_index/resource_index/parent_prefix_path/roverrobotics_description
[1.726s] -- Symlinking: /home/tal/ros2_ws/src/install/roverrobotics_description/share/roverrobotics_description/environment/ament_prefix_path.sh
[1.737s] -- Symlinking: /home/tal/ros2_ws/src/install/roverrobotics_description/share/roverrobotics_description/environment/ament_prefix_path.dsv
[1.748s] -- Symlinking: /home/tal/ros2_ws/src/install/roverrobotics_description/share/roverrobotics_description/environment/path.sh
[1.759s] -- Symlinking: /home/tal/ros2_ws/src/install/roverrobotics_description/share/roverrobotics_description/environment/path.dsv
[1.770s] -- Symlinking: /home/tal/ros2_ws/src/install/roverrobotics_description/share/roverrobotics_description/local_setup.bash
[1.781s] -- Symlinking: /home/tal/ros2_ws/src/install/roverrobotics_description/share/roverrobotics_description/local_setup.sh
[1.793s] -- Symlinking: /home/tal/ros2_ws/src/install/roverrobotics_description/share/roverrobotics_description/local_setup.zsh
[1.807s] -- Symlinking: /home/tal/ros2_ws/src/install/roverrobotics_description/share/roverrobotics_description/local_setup.dsv
[1.821s] -- Symlinking: /home/tal/ros2_ws/src/install/roverrobotics_description/share/roverrobotics_description/package.dsv
[1.833s] -- Symlinking: /home/tal/ros2_ws/src/install/roverrobotics_description/share/ament_index/resource_index/packages/roverrobotics_description
[1.845s] -- Symlinking: /home/tal/ros2_ws/src/install/roverrobotics_description/share/roverrobotics_description/cmake/roverrobotics_descriptionConfig.cmake
[1.855s] -- Symlinking: /home/tal/ros2_ws/src/install/roverrobotics_description/share/roverrobotics_description/cmake/roverrobotics_descriptionConfig-version.cmake
[1.866s] -- Symlinking: /home/tal/ros2_ws/src/install/roverrobotics_description/share/roverrobotics_description/package.xml
[1.882s] Invoked command in '/home/tal/ros2_ws/src/build/roverrobotics_description' returned '0': CMAKE_PREFIX_PATH=${CMAKE_PREFIX_PATH}:/opt/ros/humble /usr/bin/cmake --install /home/tal/ros2_ws/src/build/roverrobotics_description
