[0.040s] Invoking command in '/home/tal/ros2_ws/src/build/roverrobotics_driver': CMAKE_PREFIX_PATH=${CMAKE_PREFIX_PATH}:/opt/ros/humble /usr/bin/cmake /home/tal/ros2_ws/src/roverrobotics_driver -DAMENT_CMAKE_SYMLINK_INSTALL=1 -DCMAKE_INSTALL_PREFIX=/home/tal/ros2_ws/src/install/roverrobotics_driver
[0.129s] -- The C compiler identification is GNU 11.4.0
[0.216s] -- The CXX compiler identification is GNU 11.4.0
[0.226s] -- Detecting C compiler ABI info
[0.332s] -- Detecting C compiler ABI info - done
[0.347s] -- Check for working C compiler: /usr/bin/cc - skipped
[0.347s] -- Detecting C compile features
[0.348s] -- Detecting C compile features - done
[0.354s] -- Detecting CXX compiler ABI info
[0.504s] -- Detecting CXX compiler ABI info - done
[0.520s] -- Check for working CXX compiler: /usr/bin/c++ - skipped
[0.520s] -- Detecting CXX compile features
[0.521s] -- Detecting CXX compile features - done
[0.528s] -- Found ament_cmake: 1.3.5 (/opt/ros/humble/share/ament_cmake/cmake)
[0.836s] -- Found Python3: /usr/bin/python3.10 (found version "3.10.12") found components: Interpreter 
[0.949s] -- Override CMake install command with custom implementation using symlinks instead of copying resources
[1.039s] -- Found rclcpp: 16.0.5 (/opt/ros/humble/share/rclcpp/cmake)
[1.140s] -- Found rosidl_generator_c: 3.1.5 (/opt/ros/humble/share/rosidl_generator_c/cmake)
[1.151s] -- Found rosidl_adapter: 3.1.5 (/opt/ros/humble/share/rosidl_adapter/cmake)
[1.181s] -- Found rosidl_generator_cpp: 3.1.5 (/opt/ros/humble/share/rosidl_generator_cpp/cmake)
[1.204s] -- Using all available rosidl_typesupport_c: rosidl_typesupport_fastrtps_c;rosidl_typesupport_introspection_c
[1.249s] -- Using all available rosidl_typesupport_cpp: rosidl_typesupport_fastrtps_cpp;rosidl_typesupport_introspection_cpp
[1.418s] -- Found rmw_implementation_cmake: 6.1.1 (/opt/ros/humble/share/rmw_implementation_cmake/cmake)
[1.426s] -- Found rmw_fastrtps_cpp: 6.2.3 (/opt/ros/humble/share/rmw_fastrtps_cpp/cmake)
[1.647s] -- Found OpenSSL: /usr/lib/x86_64-linux-gnu/libcrypto.so (found version "3.0.2")  
[1.686s] -- Found FastRTPS: /opt/ros/humble/include  
[1.753s] -- Using RMW implementation 'rmw_fastrtps_cpp' as default
[1.770s] -- Looking for pthread.h
[1.872s] -- Looking for pthread.h - found
[1.872s] -- Performing Test CMAKE_HAVE_LIBC_PTHREAD
[2.012s] -- Performing Test CMAKE_HAVE_LIBC_PTHREAD - Success
[2.012s] -- Found Threads: TRUE  
[2.304s] -- Found geometry_msgs: 4.2.3 (/opt/ros/humble/share/geometry_msgs/cmake)
[2.368s] -- Found nav_msgs: 4.2.3 (/opt/ros/humble/share/nav_msgs/cmake)
[2.500s] -- Found tf2_geometry_msgs: 0.25.3 (/opt/ros/humble/share/tf2_geometry_msgs/cmake)
[2.519s] -- Found eigen3_cmake_module: 0.1.1 (/opt/ros/humble/share/eigen3_cmake_module/cmake)
[2.521s] -- Found Eigen3: TRUE (found version "3.4.0") 
[2.521s] -- Ensuring Eigen3 include directory is part of orocos-kdl CMake target
[3.368s] -- Found sensor_msgs: 4.2.3 (/opt/ros/humble/share/sensor_msgs/cmake)
[3.714s] -- Configuring done
[3.747s] -- Generating done
[3.751s] -- Build files have been written to: /home/tal/ros2_ws/src/build/roverrobotics_driver
[3.771s] Invoked command in '/home/tal/ros2_ws/src/build/roverrobotics_driver' returned '0': CMAKE_PREFIX_PATH=${CMAKE_PREFIX_PATH}:/opt/ros/humble /usr/bin/cmake /home/tal/ros2_ws/src/roverrobotics_driver -DAMENT_CMAKE_SYMLINK_INSTALL=1 -DCMAKE_INSTALL_PREFIX=/home/tal/ros2_ws/src/install/roverrobotics_driver
[3.773s] Invoking command in '/home/tal/ros2_ws/src/build/roverrobotics_driver': CMAKE_PREFIX_PATH=${CMAKE_PREFIX_PATH}:/opt/ros/humble /usr/bin/cmake --build /home/tal/ros2_ws/src/build/roverrobotics_driver -- -j8 -l8
[3.859s] [ 18%] [32mBuilding CXX object CMakeFiles/roverrobotics_driver.dir/library/librover/src/protocol_pro.cpp.o[0m
[3.859s] [ 18%] [32mBuilding CXX object CMakeFiles/roverrobotics_driver.dir/src/roverrobotics_ros2_driver.cpp.o[0m
[3.862s] [ 45%] [32mBuilding CXX object CMakeFiles/roverrobotics_driver.dir/library/librover/src/control.cpp.o[0m
[3.864s] [ 27%] [32mBuilding CXX object CMakeFiles/roverrobotics_driver.dir/library/librover/src/comm_serial.cpp.o[0m
[3.864s] [ 36%] [32mBuilding CXX object CMakeFiles/roverrobotics_driver.dir/library/librover/src/utils.cpp.o[0m
[3.872s] [ 54%] [32mBuilding CXX object CMakeFiles/roverrobotics_driver.dir/library/librover/src/comm_can.cpp.o[0m
[3.874s] [ 63%] [32mBuilding CXX object CMakeFiles/roverrobotics_driver.dir/library/librover/src/vesc.cpp.o[0m
[3.874s] [ 72%] [32mBuilding CXX object CMakeFiles/roverrobotics_driver.dir/library/librover/src/utilities.cpp.o[0m
[4.960s] [ 81%] [32mBuilding CXX object CMakeFiles/roverrobotics_driver.dir/library/librover/src/protocol_zero_2.cpp.o[0m
[5.319s] [ 90%] [32mBuilding CXX object CMakeFiles/roverrobotics_driver.dir/library/librover/src/differential_robot.cpp.o[0m
[29.698s] [100%] [32m[1mLinking CXX executable roverrobotics_driver[0m
[31.383s] [100%] Built target roverrobotics_driver
[31.398s] Invoked command in '/home/tal/ros2_ws/src/build/roverrobotics_driver' returned '0': CMAKE_PREFIX_PATH=${CMAKE_PREFIX_PATH}:/opt/ros/humble /usr/bin/cmake --build /home/tal/ros2_ws/src/build/roverrobotics_driver -- -j8 -l8
[31.471s] Invoking command in '/home/tal/ros2_ws/src/build/roverrobotics_driver': CMAKE_PREFIX_PATH=${CMAKE_PREFIX_PATH}:/opt/ros/humble /usr/bin/cmake --install /home/tal/ros2_ws/src/build/roverrobotics_driver
[31.481s] -- Install configuration: ""
[31.481s] -- Execute custom install script
[31.482s] -- Symlinking: /home/tal/ros2_ws/src/install/roverrobotics_driver/share/roverrobotics_driver/launch/accessories.launch.py
[31.494s] -- Symlinking: /home/tal/ros2_ws/src/install/roverrobotics_driver/share/roverrobotics_driver/launch/indoor_miti.launch.py
[31.505s] -- Symlinking: /home/tal/ros2_ws/src/install/roverrobotics_driver/share/roverrobotics_driver/launch/indoor_miti_teleop.launch.py
[31.516s] -- Symlinking: /home/tal/ros2_ws/src/install/roverrobotics_driver/share/roverrobotics_driver/launch/mini.launch.py
[31.529s] -- Symlinking: /home/tal/ros2_ws/src/install/roverrobotics_driver/share/roverrobotics_driver/launch/mini_teleop.launch.py
[31.541s] -- Symlinking: /home/tal/ros2_ws/src/install/roverrobotics_driver/share/roverrobotics_driver/launch/miti.launch.py
[31.554s] -- Symlinking: /home/tal/ros2_ws/src/install/roverrobotics_driver/share/roverrobotics_driver/launch/miti_teleop.launch.py
[31.565s] -- Symlinking: /home/tal/ros2_ws/src/install/roverrobotics_driver/share/roverrobotics_driver/launch/nav2_backend.py
[31.575s] -- Symlinking: /home/tal/ros2_ws/src/install/roverrobotics_driver/share/roverrobotics_driver/launch/navigation_launch.py
[31.586s] -- Symlinking: /home/tal/ros2_ws/src/install/roverrobotics_driver/share/roverrobotics_driver/launch/pro.launch.py
[31.598s] -- Symlinking: /home/tal/ros2_ws/src/install/roverrobotics_driver/share/roverrobotics_driver/launch/pro_teleop.launch.py
[31.610s] -- Symlinking: /home/tal/ros2_ws/src/install/roverrobotics_driver/share/roverrobotics_driver/launch/ps4_controller.launch.py
[31.622s] -- Symlinking: /home/tal/ros2_ws/src/install/roverrobotics_driver/share/roverrobotics_driver/launch/robot_localizer.launch.py
[31.634s] -- Symlinking: /home/tal/ros2_ws/src/install/roverrobotics_driver/share/roverrobotics_driver/launch/slam_launch.py
[31.645s] -- Symlinking: /home/tal/ros2_ws/src/install/roverrobotics_driver/share/roverrobotics_driver/launch/zero.launch.py
[31.657s] -- Symlinking: /home/tal/ros2_ws/src/install/roverrobotics_driver/share/roverrobotics_driver/launch/zero_teleop.launch.py
[31.669s] -- Symlinking: /home/tal/ros2_ws/src/install/roverrobotics_driver/share/roverrobotics_driver/config/accessories.yaml
[31.682s] -- Symlinking: /home/tal/ros2_ws/src/install/roverrobotics_driver/share/roverrobotics_driver/config/controller_config.yaml
[31.693s] -- Symlinking: /home/tal/ros2_ws/src/install/roverrobotics_driver/share/roverrobotics_driver/config/indoor_miti_config.yaml
[31.709s] -- Symlinking: /home/tal/ros2_ws/src/install/roverrobotics_driver/share/roverrobotics_driver/config/localization_ekf.yaml
[31.721s] -- Symlinking: /home/tal/ros2_ws/src/install/roverrobotics_driver/share/roverrobotics_driver/config/mini_config.yaml
[31.732s] -- Symlinking: /home/tal/ros2_ws/src/install/roverrobotics_driver/share/roverrobotics_driver/config/miti_config.yaml
[31.744s] -- Symlinking: /home/tal/ros2_ws/src/install/roverrobotics_driver/share/roverrobotics_driver/config/nav2_params.yaml
[31.755s] -- Symlinking: /home/tal/ros2_ws/src/install/roverrobotics_driver/share/roverrobotics_driver/config/pro_config.yaml
[31.767s] -- Symlinking: /home/tal/ros2_ws/src/install/roverrobotics_driver/share/roverrobotics_driver/config/realsense_config.yaml
[31.779s] -- Symlinking: /home/tal/ros2_ws/src/install/roverrobotics_driver/share/roverrobotics_driver/config/rviz_configs/nav2_default_view.rviz
[31.790s] -- Symlinking: /home/tal/ros2_ws/src/install/roverrobotics_driver/share/roverrobotics_driver/config/rviz_configs/realsense_rviz_layout.rviz
[31.802s] -- Symlinking: /home/tal/ros2_ws/src/install/roverrobotics_driver/share/roverrobotics_driver/config/rviz_configs/slam_rviz_layout.rviz
[31.819s] -- Symlinking: /home/tal/ros2_ws/src/install/roverrobotics_driver/share/roverrobotics_driver/config/slam_configs/mapper_params_lifelong.yaml
[31.831s] -- Symlinking: /home/tal/ros2_ws/src/install/roverrobotics_driver/share/roverrobotics_driver/config/slam_configs/mapper_params_localization.yaml
[31.846s] -- Symlinking: /home/tal/ros2_ws/src/install/roverrobotics_driver/share/roverrobotics_driver/config/slam_configs/mapper_params_offline.yaml
[31.859s] -- Symlinking: /home/tal/ros2_ws/src/install/roverrobotics_driver/share/roverrobotics_driver/config/slam_configs/mapper_params_online_async.yaml
[31.874s] -- Symlinking: /home/tal/ros2_ws/src/install/roverrobotics_driver/share/roverrobotics_driver/config/slam_configs/mapper_params_online_sync.yaml
[31.887s] -- Symlinking: /home/tal/ros2_ws/src/install/roverrobotics_driver/share/roverrobotics_driver/config/topics.yaml
[31.898s] -- Symlinking: /home/tal/ros2_ws/src/install/roverrobotics_driver/share/roverrobotics_driver/config/zero_config.yaml
[31.911s] -- Symlinking: /home/tal/ros2_ws/src/install/roverrobotics_driver/share/roverrobotics_driver/maps/maze_map.data
[31.923s] -- Symlinking: /home/tal/ros2_ws/src/install/roverrobotics_driver/share/roverrobotics_driver/maps/maze_map.pgm
[31.934s] -- Symlinking: /home/tal/ros2_ws/src/install/roverrobotics_driver/share/roverrobotics_driver/maps/maze_map.posegraph
[31.946s] -- Symlinking: /home/tal/ros2_ws/src/install/roverrobotics_driver/share/roverrobotics_driver/maps/maze_map.yaml
[31.958s] -- Symlinking: /home/tal/ros2_ws/src/install/roverrobotics_driver/lib/roverrobotics_driver/roverrobotics_driver
[31.969s] -- Symlinking: /home/tal/ros2_ws/src/install/roverrobotics_driver/share/ament_index/resource_index/package_run_dependencies/roverrobotics_driver
[31.980s] -- Symlinking: /home/tal/ros2_ws/src/install/roverrobotics_driver/share/ament_index/resource_index/parent_prefix_path/roverrobotics_driver
[31.992s] -- Symlinking: /home/tal/ros2_ws/src/install/roverrobotics_driver/share/roverrobotics_driver/environment/ament_prefix_path.sh
[32.002s] -- Symlinking: /home/tal/ros2_ws/src/install/roverrobotics_driver/share/roverrobotics_driver/environment/ament_prefix_path.dsv
[32.014s] -- Symlinking: /home/tal/ros2_ws/src/install/roverrobotics_driver/share/roverrobotics_driver/environment/path.sh
[32.025s] -- Symlinking: /home/tal/ros2_ws/src/install/roverrobotics_driver/share/roverrobotics_driver/environment/path.dsv
[32.036s] -- Symlinking: /home/tal/ros2_ws/src/install/roverrobotics_driver/share/roverrobotics_driver/local_setup.bash
[32.049s] -- Symlinking: /home/tal/ros2_ws/src/install/roverrobotics_driver/share/roverrobotics_driver/local_setup.sh
[32.060s] -- Symlinking: /home/tal/ros2_ws/src/install/roverrobotics_driver/share/roverrobotics_driver/local_setup.zsh
[32.071s] -- Symlinking: /home/tal/ros2_ws/src/install/roverrobotics_driver/share/roverrobotics_driver/local_setup.dsv
[32.083s] -- Symlinking: /home/tal/ros2_ws/src/install/roverrobotics_driver/share/roverrobotics_driver/package.dsv
[32.095s] -- Symlinking: /home/tal/ros2_ws/src/install/roverrobotics_driver/share/ament_index/resource_index/packages/roverrobotics_driver
[32.106s] -- Symlinking: /home/tal/ros2_ws/src/install/roverrobotics_driver/share/roverrobotics_driver/cmake/roverrobotics_driverConfig.cmake
[32.117s] -- Symlinking: /home/tal/ros2_ws/src/install/roverrobotics_driver/share/roverrobotics_driver/cmake/roverrobotics_driverConfig-version.cmake
[32.129s] -- Symlinking: /home/tal/ros2_ws/src/install/roverrobotics_driver/share/roverrobotics_driver/package.xml
[32.148s] Invoked command in '/home/tal/ros2_ws/src/build/roverrobotics_driver' returned '0': CMAKE_PREFIX_PATH=${CMAKE_PREFIX_PATH}:/opt/ros/humble /usr/bin/cmake --install /home/tal/ros2_ws/src/build/roverrobotics_driver
