[0.031s] Invoking command in '/home/tal/ros2_ws/src/build/roverrobotics_input_manager': CMAKE_PREFIX_PATH=${CMAKE_PREFIX_PATH}:/opt/ros/humble /usr/bin/cmake /home/tal/ros2_ws/src/roverrobotics_input_manager -DAMENT_CMAKE_SYMLINK_INSTALL=1 -DCMAKE_INSTALL_PREFIX=/home/tal/ros2_ws/src/install/roverrobotics_input_manager
[0.128s] -- The C compiler identification is GNU 11.4.0
[0.229s] -- The CXX compiler identification is GNU 11.4.0
[0.242s] -- Detecting C compiler ABI info
[0.346s] -- Detecting C compiler ABI info - done
[0.362s] -- Check for working C compiler: /usr/bin/cc - skipped
[0.363s] -- Detecting C compile features
[0.364s] -- Detecting C compile features - done
[0.368s] -- Detecting CXX compiler ABI info
[0.494s] -- Detecting CXX compiler ABI info - done
[0.518s] -- Check for working CXX compiler: /usr/bin/c++ - skipped
[0.519s] -- Detecting CXX compile features
[0.520s] -- Detecting CXX compile features - done
[0.527s] -- Found ament_cmake: 1.3.5 (/opt/ros/humble/share/ament_cmake/cmake)
[0.844s] -- Found Python3: /usr/bin/python3.10 (found version "3.10.12") found components: Interpreter 
[0.932s] -- Override CMake install command with custom implementation using symlinks instead of copying resources
[1.138s] -- Configuring done
[1.141s] -- Generating done
[1.143s] -- Build files have been written to: /home/tal/ros2_ws/src/build/roverrobotics_input_manager
[1.167s] Invoked command in '/home/tal/ros2_ws/src/build/roverrobotics_input_manager' returned '0': CMAKE_PREFIX_PATH=${CMAKE_PREFIX_PATH}:/opt/ros/humble /usr/bin/cmake /home/tal/ros2_ws/src/roverrobotics_input_manager -DAMENT_CMAKE_SYMLINK_INSTALL=1 -DCMAKE_INSTALL_PREFIX=/home/tal/ros2_ws/src/install/roverrobotics_input_manager
[1.169s] Invoking command in '/home/tal/ros2_ws/src/build/roverrobotics_input_manager': CMAKE_PREFIX_PATH=${CMAKE_PREFIX_PATH}:/opt/ros/humble /usr/bin/cmake --build /home/tal/ros2_ws/src/build/roverrobotics_input_manager -- -j8 -l8
[1.223s] Invoked command in '/home/tal/ros2_ws/src/build/roverrobotics_input_manager' returned '0': CMAKE_PREFIX_PATH=${CMAKE_PREFIX_PATH}:/opt/ros/humble /usr/bin/cmake --build /home/tal/ros2_ws/src/build/roverrobotics_input_manager -- -j8 -l8
[1.266s] Invoking command in '/home/tal/ros2_ws/src/build/roverrobotics_input_manager': CMAKE_PREFIX_PATH=${CMAKE_PREFIX_PATH}:/opt/ros/humble /usr/bin/cmake --install /home/tal/ros2_ws/src/build/roverrobotics_input_manager
[1.276s] -- Install configuration: ""
[1.277s] -- Execute custom install script
[1.278s] -- Symlinking: /home/tal/ros2_ws/src/install/roverrobotics_input_manager/lib/roverrobotics_input_manager/modules/Controller.py
[1.293s] -- Symlinking: /home/tal/ros2_ws/src/install/roverrobotics_input_manager/lib/roverrobotics_input_manager/modules/Topics.py
[1.308s] -- Symlinking: /home/tal/ros2_ws/src/install/roverrobotics_input_manager/lib/roverrobotics_input_manager/modules/__pycache__/Controller.cpython-310.pyc
[1.320s] -- Symlinking: /home/tal/ros2_ws/src/install/roverrobotics_input_manager/lib/roverrobotics_input_manager/modules/__pycache__/Controller.cpython-38.pyc
[1.330s] -- Symlinking: /home/tal/ros2_ws/src/install/roverrobotics_input_manager/lib/roverrobotics_input_manager/modules/__pycache__/Topics.cpython-310.pyc
[1.341s] -- Symlinking: /home/tal/ros2_ws/src/install/roverrobotics_input_manager/lib/roverrobotics_input_manager/modules/__pycache__/Topics.cpython-38.pyc
[1.360s] -- Symlinking: /home/tal/ros2_ws/src/install/roverrobotics_input_manager/lib/roverrobotics_input_manager/joys_manager.py
[1.371s] -- Symlinking: /home/tal/ros2_ws/src/install/roverrobotics_input_manager/share/ament_index/resource_index/package_run_dependencies/roverrobotics_input_manager
[1.386s] -- Symlinking: /home/tal/ros2_ws/src/install/roverrobotics_input_manager/share/ament_index/resource_index/parent_prefix_path/roverrobotics_input_manager
[1.402s] -- Symlinking: /home/tal/ros2_ws/src/install/roverrobotics_input_manager/share/roverrobotics_input_manager/environment/ament_prefix_path.sh
[1.421s] -- Symlinking: /home/tal/ros2_ws/src/install/roverrobotics_input_manager/share/roverrobotics_input_manager/environment/ament_prefix_path.dsv
[1.433s] -- Symlinking: /home/tal/ros2_ws/src/install/roverrobotics_input_manager/share/roverrobotics_input_manager/environment/path.sh
[1.445s] -- Symlinking: /home/tal/ros2_ws/src/install/roverrobotics_input_manager/share/roverrobotics_input_manager/environment/path.dsv
[1.456s] -- Symlinking: /home/tal/ros2_ws/src/install/roverrobotics_input_manager/share/roverrobotics_input_manager/local_setup.bash
[1.467s] -- Symlinking: /home/tal/ros2_ws/src/install/roverrobotics_input_manager/share/roverrobotics_input_manager/local_setup.sh
[1.479s] -- Symlinking: /home/tal/ros2_ws/src/install/roverrobotics_input_manager/share/roverrobotics_input_manager/local_setup.zsh
[1.489s] -- Symlinking: /home/tal/ros2_ws/src/install/roverrobotics_input_manager/share/roverrobotics_input_manager/local_setup.dsv
[1.501s] -- Symlinking: /home/tal/ros2_ws/src/install/roverrobotics_input_manager/share/roverrobotics_input_manager/package.dsv
[1.511s] -- Symlinking: /home/tal/ros2_ws/src/install/roverrobotics_input_manager/share/ament_index/resource_index/packages/roverrobotics_input_manager
[1.522s] -- Symlinking: /home/tal/ros2_ws/src/install/roverrobotics_input_manager/share/roverrobotics_input_manager/cmake/roverrobotics_input_managerConfig.cmake
[1.533s] -- Symlinking: /home/tal/ros2_ws/src/install/roverrobotics_input_manager/share/roverrobotics_input_manager/cmake/roverrobotics_input_managerConfig-version.cmake
[1.544s] -- Symlinking: /home/tal/ros2_ws/src/install/roverrobotics_input_manager/share/roverrobotics_input_manager/package.xml
[1.564s] Invoked command in '/home/tal/ros2_ws/src/build/roverrobotics_input_manager' returned '0': CMAKE_PREFIX_PATH=${CMAKE_PREFIX_PATH}:/opt/ros/humble /usr/bin/cmake --install /home/tal/ros2_ws/src/build/roverrobotics_input_manager
