[0.026s] Invoking command in '/home/tal/ros2_ws/src/build/roverrobotics_gazebo': AMENT_PREFIX_PATH=/home/tal/ros2_ws/src/install/roverrobotics_description:${AMENT_PREFIX_PATH} CMAKE_PREFIX_PATH=/home/tal/ros2_ws/src/install/roverrobotics_description:/home/tal/ros2_ws/install/switch_control:/home/tal/ros2_ws/install/rviz2_custom_plugin:/home/tal/ros2_ws/install/roverrobotics_input_manager:/home/tal/ros2_ws/install/roverrobotics_gazebo:/home/tal/ros2_ws/install/roverrobotics_driver:/home/tal/ros2_ws/install/roverrobotics_description:/home/tal/ros2_ws/install/demo_panel:/home/tal/turtlebot3_ws/install/turtlebot3_simulations:/home/tal/turtlebot3_ws/install/turtlebot3_gazebo:/home/tal/turtlebot3_ws/install/turtlebot3_fake_node:/opt/ros/humble /usr/bin/cmake /home/tal/ros2_ws/src/roverrobotics_gazebo -DAMENT_CMAKE_SYMLINK_INSTALL=1 -DCMAKE_INSTALL_PREFIX=/home/tal/ros2_ws/src/install/roverrobotics_gazebo
[0.129s] -- The C compiler identification is GNU 11.4.0
[0.222s] -- The CXX compiler identification is GNU 11.4.0
[0.235s] -- Detecting C compiler ABI info
[0.322s] -- Detecting C compiler ABI info - done
[0.341s] -- Check for working C compiler: /usr/bin/cc - skipped
[0.342s] -- Detecting C compile features
[0.343s] -- Detecting C compile features - done
[0.350s] -- Detecting CXX compiler ABI info
[0.463s] -- Detecting CXX compiler ABI info - done
[0.473s] -- Check for working CXX compiler: /usr/bin/c++ - skipped
[0.473s] -- Detecting CXX compile features
[0.474s] -- Detecting CXX compile features - done
[0.478s] -- Found ament_cmake: 1.3.5 (/opt/ros/humble/share/ament_cmake/cmake)
[0.747s] -- Found Python3: /usr/bin/python3.10 (found version "3.10.12") found components: Interpreter 
[0.866s] -- Override CMake install command with custom implementation using symlinks instead of copying resources
[0.946s] -- Found ament_lint_auto: 0.12.7 (/opt/ros/humble/share/ament_lint_auto/cmake)
[1.139s] -- Added test 'copyright' to check source files copyright and LICENSE
[1.143s] -- Added test 'flake8' to check Python code syntax and style conventions
[1.145s] -- Added test 'lint_cmake' to check CMake code style
[1.147s] -- Added test 'pep257' to check Python code against some of the docstring style conventions in PEP 257
[1.153s] -- Added test 'xmllint' to check XML markup files
[1.157s] -- Configuring done
[1.161s] -- Generating done
[1.165s] -- Build files have been written to: /home/tal/ros2_ws/src/build/roverrobotics_gazebo
[1.170s] Invoked command in '/home/tal/ros2_ws/src/build/roverrobotics_gazebo' returned '0': AMENT_PREFIX_PATH=/home/tal/ros2_ws/src/install/roverrobotics_description:${AMENT_PREFIX_PATH} CMAKE_PREFIX_PATH=/home/tal/ros2_ws/src/install/roverrobotics_description:/home/tal/ros2_ws/install/switch_control:/home/tal/ros2_ws/install/rviz2_custom_plugin:/home/tal/ros2_ws/install/roverrobotics_input_manager:/home/tal/ros2_ws/install/roverrobotics_gazebo:/home/tal/ros2_ws/install/roverrobotics_driver:/home/tal/ros2_ws/install/roverrobotics_description:/home/tal/ros2_ws/install/demo_panel:/home/tal/turtlebot3_ws/install/turtlebot3_simulations:/home/tal/turtlebot3_ws/install/turtlebot3_gazebo:/home/tal/turtlebot3_ws/install/turtlebot3_fake_node:/opt/ros/humble /usr/bin/cmake /home/tal/ros2_ws/src/roverrobotics_gazebo -DAMENT_CMAKE_SYMLINK_INSTALL=1 -DCMAKE_INSTALL_PREFIX=/home/tal/ros2_ws/src/install/roverrobotics_gazebo
[1.171s] Invoking command in '/home/tal/ros2_ws/src/build/roverrobotics_gazebo': AMENT_PREFIX_PATH=/home/tal/ros2_ws/src/install/roverrobotics_description:${AMENT_PREFIX_PATH} CMAKE_PREFIX_PATH=/home/tal/ros2_ws/src/install/roverrobotics_description:/home/tal/ros2_ws/install/switch_control:/home/tal/ros2_ws/install/rviz2_custom_plugin:/home/tal/ros2_ws/install/roverrobotics_input_manager:/home/tal/ros2_ws/install/roverrobotics_gazebo:/home/tal/ros2_ws/install/roverrobotics_driver:/home/tal/ros2_ws/install/roverrobotics_description:/home/tal/ros2_ws/install/demo_panel:/home/tal/turtlebot3_ws/install/turtlebot3_simulations:/home/tal/turtlebot3_ws/install/turtlebot3_gazebo:/home/tal/turtlebot3_ws/install/turtlebot3_fake_node:/opt/ros/humble /usr/bin/cmake --build /home/tal/ros2_ws/src/build/roverrobotics_gazebo -- -j8 -l8
[1.240s] Invoked command in '/home/tal/ros2_ws/src/build/roverrobotics_gazebo' returned '0': AMENT_PREFIX_PATH=/home/tal/ros2_ws/src/install/roverrobotics_description:${AMENT_PREFIX_PATH} CMAKE_PREFIX_PATH=/home/tal/ros2_ws/src/install/roverrobotics_description:/home/tal/ros2_ws/install/switch_control:/home/tal/ros2_ws/install/rviz2_custom_plugin:/home/tal/ros2_ws/install/roverrobotics_input_manager:/home/tal/ros2_ws/install/roverrobotics_gazebo:/home/tal/ros2_ws/install/roverrobotics_driver:/home/tal/ros2_ws/install/roverrobotics_description:/home/tal/ros2_ws/install/demo_panel:/home/tal/turtlebot3_ws/install/turtlebot3_simulations:/home/tal/turtlebot3_ws/install/turtlebot3_gazebo:/home/tal/turtlebot3_ws/install/turtlebot3_fake_node:/opt/ros/humble /usr/bin/cmake --build /home/tal/ros2_ws/src/build/roverrobotics_gazebo -- -j8 -l8
[1.289s] Invoking command in '/home/tal/ros2_ws/src/build/roverrobotics_gazebo': AMENT_PREFIX_PATH=/home/tal/ros2_ws/src/install/roverrobotics_description:${AMENT_PREFIX_PATH} CMAKE_PREFIX_PATH=/home/tal/ros2_ws/src/install/roverrobotics_description:/home/tal/ros2_ws/install/switch_control:/home/tal/ros2_ws/install/rviz2_custom_plugin:/home/tal/ros2_ws/install/roverrobotics_input_manager:/home/tal/ros2_ws/install/roverrobotics_gazebo:/home/tal/ros2_ws/install/roverrobotics_driver:/home/tal/ros2_ws/install/roverrobotics_description:/home/tal/ros2_ws/install/demo_panel:/home/tal/turtlebot3_ws/install/turtlebot3_simulations:/home/tal/turtlebot3_ws/install/turtlebot3_gazebo:/home/tal/turtlebot3_ws/install/turtlebot3_fake_node:/opt/ros/humble /usr/bin/cmake --install /home/tal/ros2_ws/src/build/roverrobotics_gazebo
[1.302s] -- Install configuration: ""
[1.304s] -- Execute custom install script
[1.306s] -- Symlinking: /home/tal/ros2_ws/src/install/roverrobotics_gazebo/share/roverrobotics_gazebo/launch/2wd_rover_gazebo.launch.py
[1.335s] -- Symlinking: /home/tal/ros2_ws/src/install/roverrobotics_gazebo/share/roverrobotics_gazebo/launch/4wd_rover_gazebo.launch.py
[1.351s] -- Symlinking: /home/tal/ros2_ws/src/install/roverrobotics_gazebo/share/roverrobotics_gazebo/launch/flipper_gazebo.launch.py
[1.363s] -- Symlinking: /home/tal/ros2_ws/src/install/roverrobotics_gazebo/share/roverrobotics_gazebo/launch/indoor_miti_gazebo.launch.py
[1.379s] -- Symlinking: /home/tal/ros2_ws/src/install/roverrobotics_gazebo/share/roverrobotics_gazebo/launch/mini_gazebo.launch.py
[1.397s] -- Symlinking: /home/tal/ros2_ws/src/install/roverrobotics_gazebo/share/roverrobotics_gazebo/launch/miti_gazebo.launch.py
[1.411s] -- Symlinking: /home/tal/ros2_ws/src/install/roverrobotics_gazebo/share/roverrobotics_gazebo/worlds/depot.sdf
[1.426s] -- Symlinking: /home/tal/ros2_ws/src/install/roverrobotics_gazebo/share/roverrobotics_gazebo/worlds/maze.sdf
[1.442s] -- Symlinking: /home/tal/ros2_ws/src/install/roverrobotics_gazebo/share/roverrobotics_gazebo/worlds/warehouse.sdf
[1.458s] -- Symlinking: /home/tal/ros2_ws/src/install/roverrobotics_gazebo/share/ament_index/resource_index/package_run_dependencies/roverrobotics_gazebo
[1.474s] -- Symlinking: /home/tal/ros2_ws/src/install/roverrobotics_gazebo/share/ament_index/resource_index/parent_prefix_path/roverrobotics_gazebo
[1.490s] -- Symlinking: /home/tal/ros2_ws/src/install/roverrobotics_gazebo/share/roverrobotics_gazebo/environment/ament_prefix_path.sh
[1.507s] -- Symlinking: /home/tal/ros2_ws/src/install/roverrobotics_gazebo/share/roverrobotics_gazebo/environment/ament_prefix_path.dsv
[1.522s] -- Symlinking: /home/tal/ros2_ws/src/install/roverrobotics_gazebo/share/roverrobotics_gazebo/environment/path.sh
[1.536s] -- Symlinking: /home/tal/ros2_ws/src/install/roverrobotics_gazebo/share/roverrobotics_gazebo/environment/path.dsv
[1.550s] -- Symlinking: /home/tal/ros2_ws/src/install/roverrobotics_gazebo/share/roverrobotics_gazebo/local_setup.bash
[1.564s] -- Symlinking: /home/tal/ros2_ws/src/install/roverrobotics_gazebo/share/roverrobotics_gazebo/local_setup.sh
[1.581s] -- Symlinking: /home/tal/ros2_ws/src/install/roverrobotics_gazebo/share/roverrobotics_gazebo/local_setup.zsh
[1.600s] -- Symlinking: /home/tal/ros2_ws/src/install/roverrobotics_gazebo/share/roverrobotics_gazebo/local_setup.dsv
[1.613s] -- Symlinking: /home/tal/ros2_ws/src/install/roverrobotics_gazebo/share/roverrobotics_gazebo/package.dsv
[1.625s] -- Symlinking: /home/tal/ros2_ws/src/install/roverrobotics_gazebo/share/ament_index/resource_index/packages/roverrobotics_gazebo
[1.638s] -- Symlinking: /home/tal/ros2_ws/src/install/roverrobotics_gazebo/share/roverrobotics_gazebo/cmake/roverrobotics_gazeboConfig.cmake
[1.654s] -- Symlinking: /home/tal/ros2_ws/src/install/roverrobotics_gazebo/share/roverrobotics_gazebo/cmake/roverrobotics_gazeboConfig-version.cmake
[1.670s] -- Symlinking: /home/tal/ros2_ws/src/install/roverrobotics_gazebo/share/roverrobotics_gazebo/package.xml
[1.693s] Invoked command in '/home/tal/ros2_ws/src/build/roverrobotics_gazebo' returned '0': AMENT_PREFIX_PATH=/home/tal/ros2_ws/src/install/roverrobotics_description:${AMENT_PREFIX_PATH} CMAKE_PREFIX_PATH=/home/tal/ros2_ws/src/install/roverrobotics_description:/home/tal/ros2_ws/install/switch_control:/home/tal/ros2_ws/install/rviz2_custom_plugin:/home/tal/ros2_ws/install/roverrobotics_input_manager:/home/tal/ros2_ws/install/roverrobotics_gazebo:/home/tal/ros2_ws/install/roverrobotics_driver:/home/tal/ros2_ws/install/roverrobotics_description:/home/tal/ros2_ws/install/demo_panel:/home/tal/turtlebot3_ws/install/turtlebot3_simulations:/home/tal/turtlebot3_ws/install/turtlebot3_gazebo:/home/tal/turtlebot3_ws/install/turtlebot3_fake_node:/opt/ros/humble /usr/bin/cmake --install /home/tal/ros2_ws/src/build/roverrobotics_gazebo
